[2026-07-17T12:52:20.528Z] GET https://github.com/freqtrade/freqtrade → 200 (574ms, 73055B)
[2026-07-17T12:52:21.117Z] GET https://github.githubassets.com/assets/light-62b06818b06b09b7.css → 200 (37ms, 7010B)
[2026-07-17T12:52:21.118Z] GET https://github.githubassets.com/assets/light_high_contrast-44cd405df9340c5c.css → 200 (38ms, 7063B)
[2026-07-17T12:52:21.118Z] GET https://github.githubassets.com/assets/dark-f3311053b052c5d4.css → 200 (38ms, 6734B)
[2026-07-17T12:52:21.118Z] GET https://github.githubassets.com/assets/dark_high_contrast-6739a26cef6aaf8e.css → 200 (39ms, 6793B)
[2026-07-17T12:52:21.118Z] GET https://github.githubassets.com/assets/primer-primitives-ac2f4b33720c6312.css → 200 (40ms, 2138B)
[2026-07-17T12:52:21.118Z] GET https://github.githubassets.com/assets/primer-bb3e7caff8347285.css → 200 (40ms, 43325B)
[2026-07-17T12:52:21.118Z] GET https://github.githubassets.com/assets/global-e7276ff9ba0dc008.css → 200 (51ms, 41423B)
[2026-07-17T12:52:21.119Z] GET https://github.githubassets.com/assets/github-9feca2dee6fea037.css → 200 (60ms, 21902B)
[2026-07-17T12:52:21.119Z] GET https://github.githubassets.com/assets/repository-6534fbc3f5e83ac0.css → 200 (64ms, 5305B)
[2026-07-17T12:52:21.119Z] GET https://github.githubassets.com/assets/code-2e8b2d0c3572ac0b.css → 200 (60ms, 4874B)
[2026-07-17T12:52:21.122Z] GET https://github.githubassets.com/assets/high-contrast-cookie-e99d8801a8e707d0.js → 200 (122ms, 880B)
[2026-07-17T12:52:21.122Z] GET https://github.githubassets.com/assets/wp-runtime-34be0104e8605376.js → 200 (186ms, 23321B)
[2026-07-17T12:52:21.122Z] GET https://github.githubassets.com/assets/app-foundation-d62a8b034dd9a407.js → 200 (130ms, 2135B)
[2026-07-17T12:52:21.122Z] GET https://github.githubassets.com/assets/app-runtime-91705b5b32e7dc50.js → 200 (199ms, 26593B)
[2026-07-17T12:52:21.122Z] GET https://github.githubassets.com/assets/fetch-utilities-7fed68b8333e9826.js → 200 (190ms, 3390B)
[2026-07-17T12:52:21.122Z] GET https://github.githubassets.com/assets/78205-5d6a6f402b7a8e68.js → 200 (191ms, 6106B)
[2026-07-17T12:52:21.122Z] GET https://github.githubassets.com/assets/89415-812392e4104ab411.js → 200 (195ms, 4314B)
[2026-07-17T12:52:21.122Z] GET https://github.githubassets.com/assets/environment-f3f12838044fcdcf.js → 200 (116ms, 2072B)
[2026-07-17T12:52:21.122Z] GET https://github.githubassets.com/assets/app-runtime.908c82cf75a483dd.module.css → 200 (57ms, 1480B)
[2026-07-17T12:52:21.122Z] GET https://github.githubassets.com/assets/runtime-helpers-07d9b6c19e17ed0e.js → 200 (194ms, 1552B)
[2026-07-17T12:52:21.122Z] GET https://github.githubassets.com/assets/catalyst-2b159a120cac7df3.js → 200 (196ms, 2712B)
[2026-07-17T12:52:21.122Z] GET https://github.githubassets.com/assets/selector-observer-6cc59d6d6cb4ac45.js → 200 (197ms, 1865B)
[2026-07-17T12:52:21.122Z] GET https://github.githubassets.com/assets/relative-time-element-53f90fd67c911d95.js → 200 (198ms, 6299B)
[2026-07-17T12:52:21.122Z] GET https://github.githubassets.com/assets/296-4c0a68ac3f1b71d1.js → 200 (199ms, 7378B)
[2026-07-17T12:52:21.123Z] GET https://github.githubassets.com/assets/816-8d95115b2deb6077.js → 200 (198ms, 4486B)
[2026-07-17T12:52:21.123Z] GET https://github.githubassets.com/assets/21265-6a76b64e3534ad57.js → 200 (198ms, 5783B)
[2026-07-17T12:52:21.123Z] GET https://github.githubassets.com/assets/81683-bbf17e7ded27669b.js → 200 (115ms, 5637B)
[2026-07-17T12:52:21.123Z] GET https://github.githubassets.com/assets/46740-eafd9231dd2851b5.js → 200 (199ms, 3862B)
[2026-07-17T12:52:21.123Z] GET https://github.githubassets.com/assets/30058-a587bf91d659fae4.js → 200 (199ms, 32838B)
[2026-07-17T12:52:21.123Z] GET https://github.githubassets.com/assets/github-elements-9c0e90e6da2c718a.js → 200 (117ms, 11097B)
[2026-07-17T12:52:21.123Z] GET https://github.githubassets.com/assets/element-registry-cc8ddb9027383f28.js → 200 (199ms, 11641B)
[2026-07-17T12:52:21.123Z] GET https://github.githubassets.com/assets/aria-live-e19e787d92ce5691.js → 200 (200ms, 576B)
[2026-07-17T12:52:21.123Z] GET https://github.githubassets.com/assets/hotkey-1338be440a91805c.js → 200 (200ms, 2499B)
[2026-07-17T12:52:21.123Z] GET https://github.githubassets.com/assets/react-core-1604fae626b96d1b.js → 200 (201ms, 79658B)
[2026-07-17T12:52:21.123Z] GET https://github.githubassets.com/assets/react-lib-8374452cf670a3dd.js → 200 (205ms, 89784B)
[2026-07-17T12:52:21.123Z] GET https://github.githubassets.com/assets/38566-18d0a37605b397b1.js → 200 (202ms, 7748B)
[2026-07-17T12:52:21.123Z] GET https://github.githubassets.com/assets/79039-f3a5d669cf7dafb8.js → 200 (203ms, 5129B)
[2026-07-17T12:52:21.123Z] GET https://github.githubassets.com/assets/88475-b108bff2e4d2f3b9.js → 200 (203ms, 3976B)
[2026-07-17T12:52:21.123Z] GET https://github.githubassets.com/assets/26533-40828ca3a25cd387.js → 200 (205ms, 18743B)
[2026-07-17T12:52:21.123Z] GET https://github.githubassets.com/assets/3092-3835ccf9e736f8f3.js → 200 (204ms, 15835B)
[2026-07-17T12:52:21.123Z] GET https://github.githubassets.com/assets/62870-e1debc71677344a3.js → 200 (204ms, 7869B)
[2026-07-17T12:52:21.124Z] GET https://github.githubassets.com/assets/85720-4d25c178319d3929.js → 200 (203ms, 4077B)
[2026-07-17T12:52:21.124Z] GET https://github.githubassets.com/assets/74294-37a7fce1f35f232b.js → 200 (203ms, 10392B)
[2026-07-17T12:52:21.124Z] GET https://github.githubassets.com/assets/29863-ab3f485fdc17575f.js → 200 (203ms, 4557B)
[2026-07-17T12:52:21.124Z] GET https://github.githubassets.com/assets/27956-14ccf552e88f4b2f.js → 200 (202ms, 4204B)
[2026-07-17T12:52:21.124Z] GET https://github.githubassets.com/assets/24061-924c3ecefbdc3dc8.js → 200 (202ms, 3333B)
[2026-07-17T12:52:21.124Z] GET https://github.githubassets.com/assets/behaviors-f32f625151c0f83c.js → 200 (118ms, 54380B)
[2026-07-17T12:52:21.124Z] GET https://github.githubassets.com/assets/react-core.8ba882dbbfce4357.module.css → 200 (31ms, 436B)
[2026-07-17T12:52:21.124Z] GET https://github.githubassets.com/assets/notifications-global-e88c9edde27b90c3.js → 200 (116ms, 3583B)
[2026-07-17T12:52:21.124Z] GET https://github.githubassets.com/assets/7348-dfd7c187369d5d33.js → 200 (116ms, 5847B)
[2026-07-17T12:52:21.124Z] GET https://github.githubassets.com/assets/43976-df769dec8084be97.js → 200 (116ms, 3349B)
[2026-07-17T12:52:21.124Z] GET https://github.githubassets.com/assets/codespaces-66bf8921b4d60313.js → 200 (117ms, 9832B)
[2026-07-17T12:52:21.124Z] GET https://github.githubassets.com/assets/61407-9b9a7dad3117da08.js → 200 (117ms, 4853B)
[2026-07-17T12:52:21.124Z] GET https://github.githubassets.com/assets/94128-2283bb00fc03e74a.js → 200 (117ms, 3691B)
[2026-07-17T12:52:21.124Z] GET https://github.githubassets.com/assets/repositories-a4c7ce39a70b699b.js → 200 (117ms, 13949B)
[2026-07-17T12:52:21.124Z] GET https://github.githubassets.com/assets/code-menu-00b724bcbb8fa494.js → 200 (117ms, 644B)
[2026-07-17T12:52:21.124Z] GET https://github.githubassets.com/assets/primer-react-98420ac0b3a270da.js → 200 (118ms, 139679B)
[2026-07-17T12:52:21.124Z] GET https://github.githubassets.com/assets/octicons-react-18b2c0cd5494100e.js → 200 (119ms, 106623B)
[2026-07-17T12:52:21.124Z] GET https://github.githubassets.com/assets/65063-bd8203e1dd0b89c0.js → 200 (118ms, 10132B)
[2026-07-17T12:52:21.124Z] GET https://github.githubassets.com/assets/437-419907f8f35fdea5.js → 200 (118ms, 7483B)
[2026-07-17T12:52:21.124Z] GET https://github.githubassets.com/assets/41328-58fd5c991cf22249.js → 200 (118ms, 6373B)
[2026-07-17T12:52:21.124Z] GET https://github.githubassets.com/assets/7463-c53cb51bb7bcb6c4.js → 200 (118ms, 10155B)
[2026-07-17T12:52:21.124Z] GET https://github.githubassets.com/assets/27600-0e4c25b9966aa15b.js → 200 (184ms, 20940B)
[2026-07-17T12:52:21.124Z] GET https://github.githubassets.com/assets/88493-9ebec306434f2746.js → 200 (119ms, 4931B)
[2026-07-17T12:52:21.124Z] GET https://github.githubassets.com/assets/47406-d23036dd6c1f8b99.js → 200 (184ms, 26357B)
[2026-07-17T12:52:21.124Z] GET https://github.githubassets.com/assets/76041-a6f3ef7ba2d359b5.js → 200 (119ms, 4409B)
[2026-07-17T12:52:21.124Z] GET https://github.githubassets.com/assets/27784-0112a594e916e721.js → 200 (119ms, 3261B)
[2026-07-17T12:52:21.124Z] GET https://github.githubassets.com/assets/99829-9afc122ab8cee792.js → 200 (113ms, 6090B)
[2026-07-17T12:52:21.124Z] GET https://github.githubassets.com/assets/71192-4386a645531b5440.js → 200 (119ms, 2727B)
[2026-07-17T12:52:21.124Z] GET https://github.githubassets.com/assets/4871-f3fe244d12d50c8e.js → 200 (120ms, 11892B)
[2026-07-17T12:52:21.124Z] GET https://github.githubassets.com/assets/12540-ff5fc8c3704dbf59.js → 200 (61ms, 5255B)
[2026-07-17T12:52:21.124Z] GET https://github.githubassets.com/assets/57664-8edaaf8dbbdda224.js → 200 (120ms, 4849B)
[2026-07-17T12:52:21.124Z] GET https://github.githubassets.com/assets/56324-c6e2a8c1997dff20.js → 200 (127ms, 12760B)
[2026-07-17T12:52:21.125Z] GET https://github.githubassets.com/assets/4706-45d3000d5efad6d2.js → 200 (129ms, 4076B)
[2026-07-17T12:52:21.125Z] GET https://github.githubassets.com/assets/47278-d9078a730c8958f1.js → 200 (112ms, 6148B)
[2026-07-17T12:52:21.125Z] GET https://github.githubassets.com/assets/1966-fbfbfc822eb8550d.js → 200 (196ms, 18290B)
[2026-07-17T12:52:21.125Z] GET https://github.githubassets.com/assets/8151-2036b4a45274e8b5.js → 200 (190ms, 4949B)
[2026-07-17T12:52:21.125Z] GET https://github.githubassets.com/assets/10257-c2d9ec71122a1668.js → 200 (113ms, 5590B)
[2026-07-17T12:52:21.125Z] GET https://github.githubassets.com/assets/52898-0ab480a48560f3f2.js → 200 (113ms, 2430B)
[2026-07-17T12:52:21.125Z] GET https://github.githubassets.com/assets/13735-09a704d2a440246b.js → 200 (192ms, 3911B)
[2026-07-17T12:52:21.125Z] GET https://github.githubassets.com/assets/99788-0f158acfb8fdecf1.js → 200 (194ms, 12342B)
[2026-07-17T12:52:21.125Z] GET https://github.githubassets.com/assets/30223-ef4189dbba91230c.js → 200 (195ms, 3763B)
[2026-07-17T12:52:21.125Z] GET https://github.githubassets.com/assets/21472-af577251473db06d.js → 200 (195ms, 5493B)
[2026-07-17T12:52:21.125Z] GET https://github.githubassets.com/assets/79589-762bffee0b18f428.js → 200 (196ms, 7695B)
[2026-07-17T12:52:21.125Z] GET https://github.githubassets.com/assets/24860-de80870afe0fc78a.js → 200 (196ms, 5372B)
[2026-07-17T12:52:21.125Z] GET https://github.githubassets.com/assets/85736-d9caa530f35ccac2.js → 200 (113ms, 4569B)
[2026-07-17T12:52:21.125Z] GET https://github.githubassets.com/assets/15119-52fa3eafa6768f51.js → 200 (198ms, 16571B)
[2026-07-17T12:52:21.125Z] GET https://github.githubassets.com/assets/62192-9fe4fd17dbb4bdf9.js → 200 (197ms, 6251B)
[2026-07-17T12:52:21.125Z] GET https://github.githubassets.com/assets/15893-2ce25cfff00ac189.js → 200 (197ms, 5342B)
[2026-07-17T12:52:21.125Z] GET https://github.githubassets.com/assets/66917-4586116605ec45e8.js → 200 (114ms, 4618B)
[2026-07-17T12:52:21.125Z] GET https://github.githubassets.com/assets/3399-7a46a2831d60fcd9.js → 200 (199ms, 31507B)
[2026-07-17T12:52:21.125Z] GET https://github.githubassets.com/assets/26473-c7af40bc9bfc724a.js → 200 (198ms, 13579B)
[2026-07-17T12:52:21.125Z] GET https://github.githubassets.com/assets/4409-747c47704d64923d.js → 200 (202ms, 157794B)
[2026-07-17T12:52:21.125Z] GET https://github.githubassets.com/assets/code-view-5ca8fea3db3af855.js → 200 (202ms, 23148B)
[2026-07-17T12:52:21.125Z] GET https://github.githubassets.com/assets/primer-react-css.d23cf0f01e1a72d8.module.css → 200 (57ms, 34601B)
[2026-07-17T12:52:21.125Z] GET https://github.githubassets.com/assets/99788.7be3864135368ac9.module.css → 200 (58ms, 3082B)
[2026-07-17T12:52:21.125Z] GET https://github.githubassets.com/assets/4409.c45c5b55b9f42802.module.css → 200 (57ms, 16635B)
[2026-07-17T12:52:21.125Z] GET https://github.githubassets.com/assets/code-view.89b97420a97e18fd.module.css → 200 (58ms, 5879B)
[2026-07-17T12:52:21.125Z] GET https://github.githubassets.com/assets/93986-f4c7538bab703c72.js → 200 (199ms, 3843B)
[2026-07-17T12:52:21.125Z] GET https://github.githubassets.com/assets/59175-be15ff673ca381f5.js → 200 (200ms, 3212B)
[2026-07-17T12:52:21.125Z] GET https://github.githubassets.com/assets/notifications-subscriptions-menu-dc1e98aee619266d.js → 200 (201ms, 716B)
[2026-07-17T12:52:21.126Z] GET https://github.githubassets.com/assets/notifications-subscriptions-menu.4418699da2895f4c.module.css → 200 (94ms, 1262B)
[2026-07-17T12:52:21.126Z] GET https://github.githubassets.com/assets/keyboard-shortcuts-dialog.7d5cc9abd7aa8f78.module.css → 200 (95ms, 546B)
[2026-07-17T12:52:21.126Z] GET https://github.githubassets.com/assets/70666-2f0147a238106a53.js → pending (?ms, ?B)
[2026-07-17T12:52:21.126Z] GET https://github.githubassets.com/assets/80137-34ca1387246c1434.js → 200 (202ms, 4249B)
[2026-07-17T12:52:21.126Z] GET https://github.githubassets.com/assets/sessions-01fb7c710fa1c707.js → 200 (202ms, 6731B)
[2026-07-17T12:52:21.126Z] GET https://github.githubassets.com/assets/marketing-navigation.7da818c31d024167.module.css → 200 (95ms, 2056B)
[2026-07-17T12:52:21.140Z] GET https://raw.githubusercontent.com/freqtrade/freqtrade/develop/docs/assets/freqtrade_poweredby.svg → 200 (77ms, 8877B)
[2026-07-17T12:52:21.140Z] GET https://github.com/freqtrade/freqtrade/actions/workflows/ci.yml/badge.svg?branch=develop → pending (?ms, ?B)
[2026-07-17T12:52:21.140Z] GET https://camo.githubusercontent.com/5485a8234237ab2cfd0635dc20add0bd97fe60b5edef6721413626c7cb46b41d/68747470733a2f2f6a6f73732e7468656f6a2e6f72672f7061706572732f31302e32313130352f6a6f73732e30343836342f7374617475732e737667 → 200 (193ms, 964B)
[2026-07-17T12:52:21.141Z] GET https://camo.githubusercontent.com/5d78c3c9d755f345603a19ab1ff5813a1473b139b3e16e78c322ed7e64882723/68747470733a2f2f636f6465636f762e696f2f67682f6672657174726164652f6672657174726164652f6272616e63682f646576656c6f702f67726170682f62616467652e7376673f746f6b656e3d41443542473341544b49 → 200 (191ms, 2483B)
[2026-07-17T12:52:21.141Z] GET https://camo.githubusercontent.com/a32c1b467e37310a0a5b22c092c64018ede13b7b7c605453a0942cc8983a6136/68747470733a2f2f72656164746865646f63732e6f72672f70726f6a656374732f6672657174726164652f62616467652f → pending (?ms, ?B)
[2026-07-17T12:52:21.141Z] GET https://camo.githubusercontent.com/76be4578896d0c93b4cc4f085b4d3499ea24608a088ad15b3e37da25e44d41ac/68747470733a2f2f696d672e736869656c64732e696f2f62616467652f4672657174726164655f446973636f72642d3445344534453f6c6f676f3d646973636f7264 → 200 (57ms, 3493B)
[2026-07-17T12:52:21.141Z] GET https://raw.githubusercontent.com/freqtrade/freqtrade/develop/docs/assets/freqtrade-screenshot.png → 200 (80ms, 145900B)
[2026-07-17T12:52:21.141Z] GET https://avatars.githubusercontent.com/u/132852622?s=64&v=4 → 200 (79ms, 2095B)
[2026-07-17T12:52:21.141Z] GET https://avatars.githubusercontent.com/u/33962910?s=64&v=4 → 200 (79ms, 7196B)
[2026-07-17T12:52:21.141Z] GET https://avatars.githubusercontent.com/u/106477?s=64&v=4 → 200 (59ms, 1918B)
[2026-07-17T12:52:21.141Z] GET https://avatars.githubusercontent.com/u/236638182?s=64&v=4 → 200 (58ms, 5617B)
[2026-07-17T12:52:21.141Z] GET https://avatars.githubusercontent.com/u/38464007?s=64&v=4 → 200 (81ms, 2345B)
[2026-07-17T12:52:21.141Z] GET https://avatars.githubusercontent.com/u/181463716?s=64&v=4 → 200 (80ms, 1717B)
[2026-07-17T12:52:21.141Z] GET https://avatars.githubusercontent.com/u/59520365?s=64&v=4 → 200 (80ms, 9661B)
[2026-07-17T12:52:21.141Z] GET https://avatars.githubusercontent.com/u/130264671?s=64&v=4 → 200 (81ms, 1477B)
[2026-07-17T12:52:21.407Z] GET https://github.githubassets.com/assets/chunk-11520-dfc4110be85e51fd.js → 200 (131ms, 5201B)
[2026-07-17T12:52:21.407Z] GET https://github.githubassets.com/assets/chunk-96363-a10c222543035723.js → 200 (131ms, 585B)
[2026-07-17T12:52:21.407Z] GET https://github.githubassets.com/assets/chunk-21773-c5df6c569f9fb69b.js → 200 (131ms, 3675B)
[2026-07-17T12:52:21.407Z] GET https://github.githubassets.com/assets/44391-904a14aef100117b.js → 200 (131ms, 3653B)
[2026-07-17T12:52:21.407Z] GET https://github.githubassets.com/assets/6627-e6bb8376c2641d22.js → 200 (131ms, 7410B)
[2026-07-17T12:52:21.407Z] GET https://github.githubassets.com/assets/chunk-80496-5af3312aa5e8c425.js → 200 (132ms, 19036B)
[2026-07-17T12:52:21.407Z] GET https://github.githubassets.com/assets/26194-848378072a556005.js → 200 (132ms, 9380B)
[2026-07-17T12:52:21.408Z] GET https://github.githubassets.com/assets/chunk-39410-5b67faccc65394da.js → 200 (131ms, 423B)
[2026-07-17T12:52:21.408Z] GET https://github.githubassets.com/assets/chunk-64411-941e364197e595a6.js → 200 (130ms, 685B)
[2026-07-17T12:52:21.408Z] GET https://github.githubassets.com/assets/chunk-4238-90e6b185df4326bd.js → 200 (131ms, 418B)
[2026-07-17T12:52:21.408Z] GET https://github.githubassets.com/assets/chunk-81686-f995057aa909148d.js → 200 (131ms, 652B)
[2026-07-17T12:52:21.408Z] GET https://github.githubassets.com/assets/94189-b3b3cf64b4d60c50.js → 200 (131ms, 3874B)
[2026-07-17T12:52:21.408Z] GET https://github.githubassets.com/assets/38963.b7490d396b806559.module.css → 200 (?ms, 509B)
[2026-07-17T12:52:21.408Z] GET https://github.githubassets.com/assets/71236-8ea5a53edb2c647a.js → 200 (132ms, 3770B)
[2026-07-17T12:52:21.408Z] GET https://github.githubassets.com/assets/64670-d0483546ca453d8f.js → 200 (132ms, 20873B)
[2026-07-17T12:52:21.408Z] GET https://github.githubassets.com/assets/20522-10cdc8443a75e2aa.js → 200 (132ms, 7189B)
[2026-07-17T12:52:21.408Z] GET https://github.githubassets.com/assets/70168.d32d7fe09acdf22f.module.css → 200 (1ms, 2070B)
[2026-07-17T12:52:21.408Z] GET https://github.githubassets.com/assets/chunk-lazy-react-partial-marketing-navigation-f1d31f6699c01db4.js → 200 (131ms, 536B)
[2026-07-17T12:52:21.436Z] GET https://github.githubassets.com/assets/chunk-84714-6d9a694ec07280a0.js → 200 (104ms, 17484B)
[2026-07-17T12:52:21.500Z] GET https://github.com/freqtrade/freqtrade/latest-commit → 200 (168ms, 4738B)
[2026-07-17T12:52:21.500Z] GET https://github.com/freqtrade/freqtrade/recently-touched-branches → 200 (146ms, 4213B)
[2026-07-17T12:52:21.500Z] GET https://github.com/freqtrade/freqtrade/branch-and-tag-count → 200 (95ms, 4180B)
[2026-07-17T12:52:21.504Z] GET https://github.com/in-product-messaging/budget-threshold-banner?organization=freqtrade → 401 (52ms, ?B)
[2026-07-17T12:52:21.504Z] GET https://github.com/freqtrade/freqtrade/sponsor_button → 200 (142ms, 5035B)
[2026-07-17T12:52:21.504Z] GET https://github.com/freqtrade/freqtrade/hovercards/citation/sidebar_partial?tree_name=develop → 204 (112ms, ?B)
[2026-07-17T12:52:21.504Z] GET https://github.com/freqtrade/freqtrade/sponsors_list?block_button=true&current_repository=freqtrade → 200 (104ms, 5348B)
[2026-07-17T12:52:21.505Z] GET https://github.com/freqtrade/freqtrade/packages_list?current_repository=freqtrade → 200 (377ms, 5035B)
[2026-07-17T12:52:21.505Z] GET https://github.com/freqtrade/freqtrade/contributors_list?current_repository=freqtrade&deferred=true → 200 (103ms, 5054B)
[2026-07-17T12:52:21.537Z] GET https://github.githubassets.com/assets/chunk-18467-a10f413307eb3394.js → 200 (13ms, 3203B)
[2026-07-17T12:52:21.566Z] POST https://collector.github.com/github/collect → pending (?ms, ?B)
[2026-07-17T12:52:21.566Z] GET https://github.com/freqtrade/freqtrade/tree-commit-info → 200 (158ms, 8285B)
[2026-07-17T12:52:21.590Z] GET https://github.com/freqtrade/freqtrade/refs?type=branch → 200 (93ms, 4362B)
[2026-07-17T12:52:21.590Z] GET https://github.com/freqtrade/freqtrade/overview-files/develop → 200 (163ms, 27408B)
[2026-07-17T12:52:21.593Z] GET https://camo.githubusercontent.com/5d78c3c9d755f345603a19ab1ff5813a1473b139b3e16e78c322ed7e64882723/68747470733a2f2f636f6465636f762e696f2f67682f6672657174726164652f6672657174726164652f6272616e63682f646576656c6f702f67726170682f62616467652e7376673f746f6b656e3d41443542473341544b49 → 200 (86ms, 2492B)
[2026-07-17T12:52:21.593Z] GET https://camo.githubusercontent.com/a32c1b467e37310a0a5b22c092c64018ede13b7b7c605453a0942cc8983a6136/68747470733a2f2f72656164746865646f63732e6f72672f70726f6a656374732f6672657174726164652f62616467652f → 200 (199ms, 1085B)
[2026-07-17T12:52:21.608Z] GET https://github.githubassets.com/assets/chunk-85825-72ed621de1118402.js → 200 (38ms, 9835B)
[2026-07-17T12:52:21.609Z] GET https://avatars.githubusercontent.com/u/5024695?s=64&v=4 → 200 (35ms, 1778B)
[2026-07-17T12:52:21.609Z] GET https://avatars.githubusercontent.com/in/29110?s=64&v=4 → 200 (35ms, 1699B)
[2026-07-17T12:52:21.609Z] GET https://avatars.githubusercontent.com/u/47309513?s=64&v=4 → 200 (35ms, 1675B)
[2026-07-17T12:52:21.609Z] GET https://avatars.githubusercontent.com/in/15368?s=64&v=4 → 200 (34ms, 2175B)
[2026-07-17T12:52:21.609Z] GET https://avatars.githubusercontent.com/u/20807672?s=64&v=4 → 200 (35ms, 2064B)
[2026-07-17T12:52:21.609Z] GET https://avatars.githubusercontent.com/u/29212519?s=64&v=4 → 200 (36ms, 1916B)
[2026-07-17T12:52:21.609Z] GET https://avatars.githubusercontent.com/u/939309?s=64&v=4 → 200 (36ms, 1920B)
[2026-07-17T12:52:21.609Z] GET https://avatars.githubusercontent.com/u/16239342?s=64&v=4 → 200 (36ms, 2994B)
[2026-07-17T12:52:21.609Z] GET https://avatars.githubusercontent.com/u/557751?s=64&v=4 → 200 (35ms, 2690B)
[2026-07-17T12:52:21.609Z] GET https://avatars.githubusercontent.com/u/13656154?s=64&v=4 → 200 (36ms, 8569B)
[2026-07-17T12:52:21.610Z] GET https://avatars.githubusercontent.com/u/590002?s=64&v=4 → 200 (35ms, 7839B)
[2026-07-17T12:52:21.610Z] GET https://avatars.githubusercontent.com/u/7593404?s=64&v=4 → 200 (35ms, 1749B)
[2026-07-17T12:52:21.610Z] GET https://avatars.githubusercontent.com/in/2141?s=64&v=4 → 200 (34ms, 2008B)
[2026-07-17T12:52:21.610Z] GET https://avatars.githubusercontent.com/u/1137839?s=64&v=4 → 200 (34ms, 2146B)
[2026-07-17T12:52:21.616Z] GET https://github.githubassets.com/assets/appearance-settings.5cdafca6fe9b36d7.module.css → 200 (29ms, 1764B)
[2026-07-17T12:52:21.643Z] GET https://github.githubassets.com/assets/79471-c9733d9a89ea2bea.js → 200 (3ms, 4603B)
[2026-07-17T12:52:21.643Z] GET https://github.githubassets.com/assets/75183-4b2753b14eec5894.js → 200 (3ms, 4471B)
[2026-07-17T12:52:21.643Z] GET https://github.githubassets.com/assets/71849.59a2d00548969b30.module.css → 200 (3ms, 1764B)
[2026-07-17T12:52:21.679Z] GET https://avatars.githubusercontent.com/u/5024695?v=4&size=40 → 200 (12ms, 1785B)
[2026-07-17T12:52:21.726Z] POST https://collector.github.com/github/collect → pending (?ms, ?B)
[2026-07-17T12:52:21.728Z] POST https://collector.github.com/github/collect → pending (?ms, ?B)
[2026-07-17T12:52:21.751Z] POST https://collector.github.com/github/collect → pending (?ms, ?B)
[2026-07-17T12:52:21.761Z] POST https://collector.github.com/github/collect → pending (?ms, ?B)
[2026-07-17T12:52:21.761Z] GET https://github.githubassets.com/assets/86851.13724ca26edcdd36.module.css → 200 (30ms, 913B)
[2026-07-17T12:52:21.761Z] GET https://github.githubassets.com/assets/chunk-86851-e48016ebfac4c5b7.js → 200 (31ms, 1942B)
[2026-07-17T12:52:21.762Z] POST https://collector.github.com/github/collect → pending (?ms, ?B)
[2026-07-17T12:52:21.820Z] POST https://collector.github.com/github/collect → 503 (238ms, 284B)
[2026-07-17T12:52:21.833Z] POST https://api.github.com/_private/browser/stats → 200 (120ms, -17B)
[2026-07-17T12:52:21.834Z] POST https://collector.github.com/github/collect → 503 (16ms, 285B)
[2026-07-17T12:52:26.829Z] POST https://collector.github.com/github/collect → pending (?ms, ?B)
[2026-07-17T12:52:54.627Z] GET https://github.com/asavinov/intelligent-trading-bot → 200 (556ms, 71533B)
[2026-07-17T12:52:55.194Z] GET https://github.githubassets.com/assets/light-62b06818b06b09b7.css → 200 (?ms, -820B)
[2026-07-17T12:52:55.194Z] GET https://github.githubassets.com/assets/light_high_contrast-44cd405df9340c5c.css → 200 (?ms, -819B)
[2026-07-17T12:52:55.195Z] GET https://github.githubassets.com/assets/dark-f3311053b052c5d4.css → 200 (?ms, -820B)
[2026-07-17T12:52:55.195Z] GET https://github.githubassets.com/assets/dark_high_contrast-6739a26cef6aaf8e.css → 200 (?ms, -820B)
[2026-07-17T12:52:55.195Z] GET https://github.githubassets.com/assets/primer-primitives-ac2f4b33720c6312.css → 200 (?ms, -817B)
[2026-07-17T12:52:55.195Z] GET https://github.githubassets.com/assets/primer-bb3e7caff8347285.css → 200 (?ms, -818B)
[2026-07-17T12:52:55.196Z] GET https://github.githubassets.com/assets/global-e7276ff9ba0dc008.css → 200 (?ms, -818B)
[2026-07-17T12:52:55.196Z] GET https://github.githubassets.com/assets/github-9feca2dee6fea037.css → 200 (?ms, -819B)
[2026-07-17T12:52:55.196Z] GET https://github.githubassets.com/assets/repository-6534fbc3f5e83ac0.css → 200 (?ms, -818B)
[2026-07-17T12:52:55.196Z] GET https://github.githubassets.com/assets/code-2e8b2d0c3572ac0b.css → 200 (?ms, -819B)
[2026-07-17T12:52:55.196Z] GET https://github.githubassets.com/assets/high-contrast-cookie-e99d8801a8e707d0.js → 200 (?ms, -833B)
[2026-07-17T12:52:55.197Z] GET https://github.githubassets.com/assets/wp-runtime-34be0104e8605376.js → 200 (?ms, -830B)
[2026-07-17T12:52:55.197Z] GET https://github.githubassets.com/assets/app-foundation-d62a8b034dd9a407.js → 200 (?ms, -829B)
[2026-07-17T12:52:55.197Z] GET https://github.githubassets.com/assets/app-runtime-91705b5b32e7dc50.js → 200 (1ms, -830B)
[2026-07-17T12:52:55.198Z] GET https://github.githubassets.com/assets/fetch-utilities-7fed68b8333e9826.js → 200 (?ms, -833B)
[2026-07-17T12:52:55.198Z] GET https://github.githubassets.com/assets/78205-5d6a6f402b7a8e68.js → 200 (?ms, -833B)
[2026-07-17T12:52:55.198Z] GET https://github.githubassets.com/assets/89415-812392e4104ab411.js → 200 (?ms, -833B)
[2026-07-17T12:52:55.198Z] GET https://github.githubassets.com/assets/environment-f3f12838044fcdcf.js → 200 (1ms, -830B)
[2026-07-17T12:52:55.199Z] GET https://github.githubassets.com/assets/app-runtime.908c82cf75a483dd.module.css → 200 (?ms, -815B)
[2026-07-17T12:52:55.199Z] GET https://github.githubassets.com/assets/runtime-helpers-07d9b6c19e17ed0e.js → 200 (?ms, -830B)
[2026-07-17T12:52:55.199Z] GET https://github.githubassets.com/assets/catalyst-2b159a120cac7df3.js → 200 (?ms, -833B)
[2026-07-17T12:52:55.199Z] GET https://github.githubassets.com/assets/selector-observer-6cc59d6d6cb4ac45.js → 200 (?ms, -832B)
[2026-07-17T12:52:55.199Z] GET https://github.githubassets.com/assets/relative-time-element-53f90fd67c911d95.js → 200 (?ms, -831B)
[2026-07-17T12:52:55.199Z] GET https://github.githubassets.com/assets/296-4c0a68ac3f1b71d1.js → 200 (?ms, -833B)
[2026-07-17T12:52:55.199Z] GET https://github.githubassets.com/assets/816-8d95115b2deb6077.js → 200 (?ms, -833B)
[2026-07-17T12:52:55.200Z] GET https://github.githubassets.com/assets/21265-6a76b64e3534ad57.js → 200 (?ms, -833B)
[2026-07-17T12:52:55.200Z] GET https://github.githubassets.com/assets/81683-bbf17e7ded27669b.js → 200 (?ms, -833B)
[2026-07-17T12:52:55.200Z] GET https://github.githubassets.com/assets/46740-eafd9231dd2851b5.js → 200 (?ms, -833B)
[2026-07-17T12:52:55.200Z] GET https://github.githubassets.com/assets/30058-a587bf91d659fae4.js → 200 (?ms, -832B)
[2026-07-17T12:52:55.200Z] GET https://github.githubassets.com/assets/github-elements-9c0e90e6da2c718a.js → 200 (?ms, -830B)
[2026-07-17T12:52:55.200Z] GET https://github.githubassets.com/assets/element-registry-cc8ddb9027383f28.js → 200 (1ms, -830B)
[2026-07-17T12:52:55.201Z] GET https://github.githubassets.com/assets/aria-live-e19e787d92ce5691.js → 200 (?ms, -829B)
[2026-07-17T12:52:55.201Z] GET https://github.githubassets.com/assets/hotkey-1338be440a91805c.js → 200 (1ms, -833B)
[2026-07-17T12:52:55.202Z] GET https://github.githubassets.com/assets/react-core-1604fae626b96d1b.js → 200 (?ms, -832B)
[2026-07-17T12:52:55.203Z] GET https://github.githubassets.com/assets/react-lib-8374452cf670a3dd.js → 200 (?ms, -834B)
[2026-07-17T12:52:55.203Z] GET https://github.githubassets.com/assets/38566-18d0a37605b397b1.js → 200 (?ms, -833B)
[2026-07-17T12:52:55.203Z] GET https://github.githubassets.com/assets/79039-f3a5d669cf7dafb8.js → 200 (1ms, -833B)
[2026-07-17T12:52:55.204Z] GET https://github.githubassets.com/assets/88475-b108bff2e4d2f3b9.js → 200 (?ms, -832B)
[2026-07-17T12:52:55.204Z] GET https://github.githubassets.com/assets/26533-40828ca3a25cd387.js → 200 (?ms, -834B)
[2026-07-17T12:52:55.204Z] GET https://github.githubassets.com/assets/3092-3835ccf9e736f8f3.js → 200 (?ms, -834B)
[2026-07-17T12:52:55.204Z] GET https://github.githubassets.com/assets/62870-e1debc71677344a3.js → 200 (?ms, -832B)
[2026-07-17T12:52:55.204Z] GET https://github.githubassets.com/assets/85720-4d25c178319d3929.js → 200 (?ms, -830B)
[2026-07-17T12:52:55.205Z] GET https://github.githubassets.com/assets/74294-37a7fce1f35f232b.js → 200 (?ms, -831B)
[2026-07-17T12:52:55.205Z] GET https://github.githubassets.com/assets/29863-ab3f485fdc17575f.js → 200 (?ms, -834B)
[2026-07-17T12:52:55.205Z] GET https://github.githubassets.com/assets/27956-14ccf552e88f4b2f.js → 200 (?ms, -830B)
[2026-07-17T12:52:55.205Z] GET https://github.githubassets.com/assets/24061-924c3ecefbdc3dc8.js → 200 (?ms, -833B)
[2026-07-17T12:52:55.205Z] GET https://github.githubassets.com/assets/behaviors-f32f625151c0f83c.js → 200 (?ms, -830B)
[2026-07-17T12:52:55.205Z] GET https://github.githubassets.com/assets/react-core.8ba882dbbfce4357.module.css → 200 (?ms, -816B)
[2026-07-17T12:52:55.205Z] GET https://github.githubassets.com/assets/notifications-global-e88c9edde27b90c3.js → 200 (?ms, -830B)
[2026-07-17T12:52:55.205Z] GET https://github.githubassets.com/assets/7348-dfd7c187369d5d33.js → 200 (1ms, -832B)
[2026-07-17T12:52:55.206Z] GET https://github.githubassets.com/assets/43976-df769dec8084be97.js → 200 (?ms, -833B)
[2026-07-17T12:52:55.206Z] GET https://github.githubassets.com/assets/codespaces-66bf8921b4d60313.js → 200 (?ms, -830B)
[2026-07-17T12:52:55.206Z] GET https://github.githubassets.com/assets/61407-9b9a7dad3117da08.js → 200 (?ms, -831B)
[2026-07-17T12:52:55.206Z] GET https://github.githubassets.com/assets/94128-2283bb00fc03e74a.js → 200 (?ms, -829B)
[2026-07-17T12:52:55.206Z] GET https://github.githubassets.com/assets/repositories-a4c7ce39a70b699b.js → 200 (?ms, -829B)
[2026-07-17T12:52:55.206Z] GET https://github.githubassets.com/assets/code-menu-00b724bcbb8fa494.js → 200 (?ms, -828B)
[2026-07-17T12:52:55.206Z] GET https://github.githubassets.com/assets/primer-react-98420ac0b3a270da.js → 200 (?ms, -833B)
[2026-07-17T12:52:55.206Z] GET https://github.githubassets.com/assets/octicons-react-18b2c0cd5494100e.js → 200 (1ms, -834B)
[2026-07-17T12:52:55.207Z] GET https://github.githubassets.com/assets/65063-bd8203e1dd0b89c0.js → 200 (?ms, -833B)
[2026-07-17T12:52:55.207Z] GET https://github.githubassets.com/assets/437-419907f8f35fdea5.js → 200 (?ms, -833B)
[2026-07-17T12:52:55.207Z] GET https://github.githubassets.com/assets/41328-58fd5c991cf22249.js → 200 (?ms, -833B)
[2026-07-17T12:52:55.207Z] GET https://github.githubassets.com/assets/7463-c53cb51bb7bcb6c4.js → 200 (?ms, -833B)
[2026-07-17T12:52:55.207Z] GET https://github.githubassets.com/assets/27600-0e4c25b9966aa15b.js → 200 (?ms, -833B)
[2026-07-17T12:52:55.207Z] GET https://github.githubassets.com/assets/88493-9ebec306434f2746.js → 200 (?ms, -833B)
[2026-07-17T12:52:55.207Z] GET https://github.githubassets.com/assets/47406-d23036dd6c1f8b99.js → 200 (?ms, -830B)
[2026-07-17T12:52:55.207Z] GET https://github.githubassets.com/assets/76041-a6f3ef7ba2d359b5.js → 200 (1ms, -833B)
[2026-07-17T12:52:55.208Z] GET https://github.githubassets.com/assets/27784-0112a594e916e721.js → 200 (?ms, -831B)
[2026-07-17T12:52:55.208Z] GET https://github.githubassets.com/assets/99829-9afc122ab8cee792.js → 200 (?ms, -832B)
[2026-07-17T12:52:55.208Z] GET https://github.githubassets.com/assets/71192-4386a645531b5440.js → 200 (?ms, -830B)
[2026-07-17T12:52:55.208Z] GET https://github.githubassets.com/assets/4871-f3fe244d12d50c8e.js → 200 (?ms, -833B)
[2026-07-17T12:52:55.208Z] GET https://github.githubassets.com/assets/12540-ff5fc8c3704dbf59.js → 200 (?ms, -830B)
[2026-07-17T12:52:55.208Z] GET https://github.githubassets.com/assets/57664-8edaaf8dbbdda224.js → 200 (?ms, -831B)
[2026-07-17T12:52:55.208Z] GET https://github.githubassets.com/assets/56324-c6e2a8c1997dff20.js → 200 (?ms, -832B)
[2026-07-17T12:52:55.209Z] GET https://github.githubassets.com/assets/4706-45d3000d5efad6d2.js → 200 (?ms, -833B)
[2026-07-17T12:52:55.209Z] GET https://github.githubassets.com/assets/47278-d9078a730c8958f1.js → 200 (?ms, -831B)
[2026-07-17T12:52:55.209Z] GET https://github.githubassets.com/assets/1966-fbfbfc822eb8550d.js → 200 (?ms, -834B)
[2026-07-17T12:52:55.209Z] GET https://github.githubassets.com/assets/8151-2036b4a45274e8b5.js → 200 (?ms, -833B)
[2026-07-17T12:52:55.209Z] GET https://github.githubassets.com/assets/10257-c2d9ec71122a1668.js → 200 (?ms, -832B)
[2026-07-17T12:52:55.209Z] GET https://github.githubassets.com/assets/52898-0ab480a48560f3f2.js → 200 (?ms, -833B)
[2026-07-17T12:52:55.209Z] GET https://github.githubassets.com/assets/13735-09a704d2a440246b.js → 200 (?ms, -829B)
[2026-07-17T12:52:55.209Z] GET https://github.githubassets.com/assets/99788-0f158acfb8fdecf1.js → 200 (1ms, -832B)
[2026-07-17T12:52:55.210Z] GET https://github.githubassets.com/assets/30223-ef4189dbba91230c.js → 200 (?ms, -832B)
[2026-07-17T12:52:55.210Z] GET https://github.githubassets.com/assets/21472-af577251473db06d.js → 200 (?ms, -830B)
[2026-07-17T12:52:55.210Z] GET https://github.githubassets.com/assets/79589-762bffee0b18f428.js → 200 (?ms, -830B)
[2026-07-17T12:52:55.210Z] GET https://github.githubassets.com/assets/24860-de80870afe0fc78a.js → 200 (?ms, -832B)
[2026-07-17T12:52:55.210Z] GET https://github.githubassets.com/assets/85736-d9caa530f35ccac2.js → 200 (?ms, -832B)
[2026-07-17T12:52:55.210Z] GET https://github.githubassets.com/assets/15119-52fa3eafa6768f51.js → 200 (?ms, -828B)
[2026-07-17T12:52:55.210Z] GET https://github.githubassets.com/assets/62192-9fe4fd17dbb4bdf9.js → 200 (?ms, -830B)
[2026-07-17T12:52:55.210Z] GET https://github.githubassets.com/assets/15893-2ce25cfff00ac189.js → 200 (1ms, -830B)
[2026-07-17T12:52:55.211Z] GET https://github.githubassets.com/assets/66917-4586116605ec45e8.js → 200 (?ms, -830B)
[2026-07-17T12:52:55.211Z] GET https://github.githubassets.com/assets/3399-7a46a2831d60fcd9.js → 200 (?ms, -831B)
[2026-07-17T12:52:55.211Z] GET https://github.githubassets.com/assets/26473-c7af40bc9bfc724a.js → 200 (?ms, -832B)
[2026-07-17T12:52:55.211Z] GET https://github.githubassets.com/assets/4409-747c47704d64923d.js → 200 (?ms, -834B)
[2026-07-17T12:52:55.211Z] GET https://github.githubassets.com/assets/code-view-5ca8fea3db3af855.js → 200 (?ms, -828B)
[2026-07-17T12:52:55.211Z] GET https://github.githubassets.com/assets/primer-react-css.d23cf0f01e1a72d8.module.css → 200 (1ms, -819B)
[2026-07-17T12:52:55.212Z] GET https://github.githubassets.com/assets/99788.7be3864135368ac9.module.css → 200 (?ms, -817B)
[2026-07-17T12:52:55.212Z] GET https://github.githubassets.com/assets/4409.c45c5b55b9f42802.module.css → 200 (?ms, -817B)
[2026-07-17T12:52:55.212Z] GET https://github.githubassets.com/assets/code-view.89b97420a97e18fd.module.css → 200 (?ms, -813B)
[2026-07-17T12:52:55.212Z] GET https://github.githubassets.com/assets/93986-f4c7538bab703c72.js → 200 (?ms, -833B)
[2026-07-17T12:52:55.212Z] GET https://github.githubassets.com/assets/59175-be15ff673ca381f5.js → 200 (?ms, -827B)
[2026-07-17T12:52:55.212Z] GET https://github.githubassets.com/assets/notifications-subscriptions-menu-dc1e98aee619266d.js → 200 (?ms, -826B)
[2026-07-17T12:52:55.212Z] GET https://github.githubassets.com/assets/notifications-subscriptions-menu.4418699da2895f4c.module.css → 200 (?ms, -812B)
[2026-07-17T12:52:55.213Z] GET https://github.githubassets.com/assets/keyboard-shortcuts-dialog.7d5cc9abd7aa8f78.module.css → 200 (?ms, -815B)
[2026-07-17T12:52:55.213Z] GET https://github.githubassets.com/assets/70666-2f0147a238106a53.js → 200 (?ms, -835B)
[2026-07-17T12:52:55.213Z] GET https://github.githubassets.com/assets/80137-34ca1387246c1434.js → 200 (?ms, -833B)
[2026-07-17T12:52:55.213Z] GET https://github.githubassets.com/assets/sessions-01fb7c710fa1c707.js → 200 (?ms, -828B)
[2026-07-17T12:52:55.213Z] GET https://github.githubassets.com/assets/marketing-navigation.7da818c31d024167.module.css → 200 (?ms, -814B)
[2026-07-17T12:52:55.225Z] GET https://camo.githubusercontent.com/fc274f57116b4757e2b7244418511061bef886137c4a1281051a596178b31f17/68747470733a2f2f696d672e736869656c64732e696f2f62616467652f54656c656772616d2d3243413545303f6c6f676f3d74656c656772616d267374796c653d666f722d7468652d6261646765266c6f676f436f6c6f723d7768697465 → 200 (14ms, 1781B)
[2026-07-17T12:52:55.225Z] GET https://github.com/asavinov/intelligent-trading-bot/raw/master/docs/images/fig_1.png → pending (?ms, ?B)
[2026-07-17T12:52:55.239Z] GET https://github.githubassets.com/assets/chunk-84714-6d9a694ec07280a0.js → 200 (?ms, -830B)
[2026-07-17T12:52:55.262Z] GET https://github.com/asavinov/intelligent-trading-bot/latest-commit → pending (?ms, ?B)
[2026-07-17T12:52:55.262Z] GET https://github.com/asavinov/intelligent-trading-bot/recently-touched-branches → pending (?ms, ?B)
[2026-07-17T12:52:55.262Z] GET https://github.com/asavinov/intelligent-trading-bot/branch-and-tag-count → pending (?ms, ?B)
[2026-07-17T12:52:55.334Z] GET https://github.githubassets.com/assets/chunk-11520-dfc4110be85e51fd.js → 200 (?ms, -830B)
[2026-07-17T12:52:55.335Z] GET https://github.githubassets.com/assets/chunk-96363-a10c222543035723.js → 200 (?ms, -831B)
[2026-07-17T12:52:55.335Z] GET https://github.githubassets.com/assets/chunk-21773-c5df6c569f9fb69b.js → 200 (?ms, -833B)
[2026-07-17T12:52:55.335Z] GET https://github.githubassets.com/assets/44391-904a14aef100117b.js → 200 (?ms, -833B)
[2026-07-17T12:52:55.335Z] GET https://github.githubassets.com/assets/6627-e6bb8376c2641d22.js → 200 (1ms, -833B)
[2026-07-17T12:52:55.336Z] GET https://github.githubassets.com/assets/chunk-80496-5af3312aa5e8c425.js → 200 (?ms, -830B)
[2026-07-17T12:52:55.336Z] GET https://github.githubassets.com/assets/26194-848378072a556005.js → 200 (?ms, -833B)
[2026-07-17T12:52:55.336Z] GET https://github.githubassets.com/assets/chunk-39410-5b67faccc65394da.js → 200 (?ms, -832B)
[2026-07-17T12:52:55.336Z] GET https://github.githubassets.com/assets/chunk-64411-941e364197e595a6.js → 200 (?ms, -832B)
[2026-07-17T12:52:55.336Z] GET https://github.githubassets.com/assets/chunk-4238-90e6b185df4326bd.js → 200 (?ms, -829B)
[2026-07-17T12:52:55.336Z] GET https://github.githubassets.com/assets/chunk-81686-f995057aa909148d.js → 200 (1ms, -831B)
[2026-07-17T12:52:55.337Z] GET https://github.githubassets.com/assets/chunk-18467-a10f413307eb3394.js → 200 (?ms, -833B)
[2026-07-17T12:52:55.337Z] GET https://github.githubassets.com/assets/94189-b3b3cf64b4d60c50.js → 200 (?ms, -828B)
[2026-07-17T12:52:55.337Z] GET https://github.githubassets.com/assets/38963.b7490d396b806559.module.css → 200 (?ms, -818B)
[2026-07-17T12:52:55.337Z] GET https://github.githubassets.com/assets/71236-8ea5a53edb2c647a.js → 200 (?ms, -830B)
[2026-07-17T12:52:55.337Z] GET https://github.githubassets.com/assets/64670-d0483546ca453d8f.js → 200 (?ms, -829B)
[2026-07-17T12:52:55.337Z] GET https://github.githubassets.com/assets/20522-10cdc8443a75e2aa.js → 200 (?ms, -828B)
[2026-07-17T12:52:55.337Z] GET https://github.githubassets.com/assets/70168.d32d7fe09acdf22f.module.css → 200 (?ms, -819B)
[2026-07-17T12:52:55.338Z] GET https://github.githubassets.com/assets/chunk-lazy-react-partial-marketing-navigation-f1d31f6699c01db4.js → 200 (?ms, -832B)
[2026-07-17T12:52:55.338Z] GET https://github.com/asavinov/intelligent-trading-bot/hovercards/citation/sidebar_partial?tree_name=master → pending (?ms, ?B)
[2026-07-17T12:52:55.338Z] GET https://github.com/asavinov/intelligent-trading-bot/packages_list?current_repository=intelligent-trading-bot → pending (?ms, ?B)
[2026-07-17T12:52:55.338Z] GET https://github.com/asavinov/intelligent-trading-bot/used_by_list → pending (?ms, ?B)
[2026-07-17T12:52:55.338Z] GET https://github.com/asavinov/intelligent-trading-bot/contributors_list?current_repository=intelligent-trading-bot&deferred=true → pending (?ms, ?B)
[2026-07-17T12:52:55.365Z] POST https://collector.github.com/github/collect → pending (?ms, ?B)
[2026-07-17T12:52:55.365Z] GET https://github.com/asavinov/intelligent-trading-bot/tree-commit-info → 200 (133ms, 5705B)
[2026-07-17T12:52:55.373Z] GET https://github.com/asavinov/intelligent-trading-bot/refs?type=branch → 200 (114ms, 4219B)
[2026-07-17T12:52:55.373Z] GET https://github.com/asavinov/intelligent-trading-bot/overview-files/master → 200 (134ms, 13163B)
[2026-07-17T12:52:55.374Z] GET https://raw.githubusercontent.com/asavinov/intelligent-trading-bot/master/docs/images/fig_1.png → 200 (14ms, 60942B)
[2026-07-17T12:52:55.392Z] GET https://avatars.githubusercontent.com/u/1926849?v=4&size=40 → 200 (23ms, 1255B)
[2026-07-17T12:52:55.392Z] GET https://github.githubassets.com/assets/chunk-85825-72ed621de1118402.js → 200 (?ms, -832B)
[2026-07-17T12:52:55.393Z] GET https://github.githubassets.com/assets/appearance-settings.5cdafca6fe9b36d7.module.css → 200 (?ms, -812B)
[2026-07-17T12:52:55.414Z] GET https://github.githubassets.com/assets/79471-c9733d9a89ea2bea.js → 200 (?ms, -830B)
[2026-07-17T12:52:55.414Z] GET https://github.githubassets.com/assets/75183-4b2753b14eec5894.js → 200 (1ms, -827B)
[2026-07-17T12:52:55.415Z] GET https://github.githubassets.com/assets/71849.59a2d00548969b30.module.css → 200 (?ms, -817B)
[2026-07-17T12:52:55.448Z] POST https://collector.github.com/github/collect → pending (?ms, ?B)
[2026-07-17T12:52:55.458Z] GET https://avatars.githubusercontent.com/u/1926849?s=64&v=4 → 200 (29ms, 1552B)
[2026-07-17T12:52:55.458Z] GET https://avatars.githubusercontent.com/u/199390663?s=64&v=4 → 200 (29ms, 2049B)
[2026-07-17T12:52:55.458Z] GET https://avatars.githubusercontent.com/u/25161278?s=64&v=4 → 200 (28ms, 1764B)
[2026-07-17T12:52:55.458Z] GET https://avatars.githubusercontent.com/u/60928392?s=64&v=4 → 200 (29ms, 363B)
[2026-07-17T12:52:55.458Z] GET https://avatars.githubusercontent.com/u/124257101?s=64&v=4 → 200 (28ms, 2058B)
[2026-07-17T12:52:55.465Z] POST https://collector.github.com/github/collect → pending (?ms, ?B)
[2026-07-17T12:52:55.465Z] GET https://github.githubassets.com/assets/86851.13724ca26edcdd36.module.css → 200 (1ms, -817B)
[2026-07-17T12:52:55.466Z] GET https://github.githubassets.com/assets/chunk-86851-e48016ebfac4c5b7.js → 200 (?ms, -831B)
[2026-07-17T12:52:55.466Z] POST https://collector.github.com/github/collect → 503 (102ms, 284B)
[2026-07-17T12:52:55.466Z] POST https://api.github.com/_private/browser/stats → 200 (106ms, -17B)
[2026-07-17T12:52:55.468Z] POST https://collector.github.com/github/collect → 503 (92ms, 284B)
[2026-07-17T12:52:55.498Z] POST https://collector.github.com/github/collect → 503 (38ms, 284B)
[2026-07-17T12:52:55.498Z] POST https://collector.github.com/github/collect → 503 (19ms, 284B)
[2026-07-17T12:52:55.501Z] POST https://collector.github.com/github/collect → 503 (6ms, 284B)
[2026-07-17T12:53:00.458Z] POST https://collector.github.com/github/collect → pending (?ms, ?B)
[2026-07-17T13:13:28.542Z] GET https://medium.com/@gwrx2005/top-10-ai-powered-crypto-trading-repositories-on-github-0041862546b6 → 307 (40ms, ?B)
[2026-07-17T13:13:28.582Z] GET https://medium.com/@gwrx2005/top-10-ai-powered-crypto-trading-repositories-on-github-0041862546b6 → 403 (11ms, 2350B)
[2026-07-17T13:13:28.646Z] GET https://medium.com/cdn-cgi/challenge-platform/h/b/orchestrate/chl_page/v1?ray=a1c98111da0db4a8 → 200 (38ms, 82911B)
[2026-07-17T13:13:28.691Z] GET blob:https://medium.com/f4280ee7-81a7-4f19-a3af-3e5fb194934c → pending (?ms, ?B)
[2026-07-17T13:13:28.728Z] GET https://challenges.cloudflare.com/turnstile/v0/b/3104729c556c/api.js?onload=WBul8&render=explicit → 200 (20ms, 24449B)
[2026-07-17T13:13:28.844Z] POST https://medium.com/cdn-cgi/challenge-platform/h/b/fo/48207252:1784289636:2obhmt90ql-73l_Y3qf0nJHFgQsWsVeJdefhEeKkZQs/a1c98111da0db4a8/iM1Qo5NKd3yJwsqmT7UBgnykak.lzmiJAnKLsStO4iw-1784294008-1.2.1.1-XckdS1Se4wV6ak4edBGjkaCMESdzMtfmbt_GuiJALme2hi_zYnWeKl9PYGy06DMX → 200 (30ms, 29935B)
[2026-07-17T13:13:28.871Z] GET blob:https://medium.com/afdb72a1-84ce-4e8e-ac3a-505c2c79585a → 200 (6ms, -72B)
[2026-07-17T13:13:28.876Z] GET https://challenges.cloudflare.com/cdn-cgi/challenge-platform/h/b/turnstile/f/av0/rch/qxfnm/0x4AAAAAAADnPIDROrmt1Wwj/light/fbE/new/normal?lang=auto → 200 (33ms, 102715B)
[2026-07-17T13:13:29.963Z] GET blob:https://challenges.cloudflare.com/00f959d1-3cca-4b43-94a4-f3a9daac9134 → pending (?ms, ?B)
[2026-07-17T13:13:30.094Z] POST https://challenges.cloudflare.com/cdn-cgi/challenge-platform/h/b/fo/492823404:1784289638:7YNdWLdN1xuvT4Gu8iAqOOlPBb_7kSnIaOGFqju1uHs/a1c98113bddaa8a9/vdXSX3iSRAwubLmcayEXTX_n6IQ8w5LWAvRZvRrliOE-1784294008-1.2.1.1-mOGVveEESdhFz4sItCIlGn4mjwrt67NsjF.PYEEe3yZpJB47gzCq48gfWTX.YDQI → 200 (161ms, 329022B)
[2026-07-17T13:13:30.313Z] GET blob:https://challenges.cloudflare.com/30560c61-6deb-42a9-a33b-92eff7d4a17b → 200 (40ms, -72B)
[2026-07-17T13:13:30.357Z] GET https://brunhild.challenges.cloudflare.com/cdn-cgi/challenge-platform/h/b/i/a1c98113bddaa8a9/vdXSX3iSRAwubLmcayEXTX_n6IQ8w5LWAvRZvRrliOE-1784294008-1.2.1.1-mOGVveEESdhFz4sItCIlGn4mjwrt67NsjF.PYEEe3yZpJB47gzCq48gfWTX.YDQI → pending (?ms, ?B)
[2026-07-17T13:13:30.357Z] GET https://challenges.cloudflare.com/cdn-cgi/challenge-platform/h/b/pat/a1c98113bddaa8a9/1784294010132/fa5a35b86120479cfa866648d59f33b435e7c733bd513f3bb2a026d3844cd84c/TK5tladmwY-pSyY → 401 (10ms, 1695B)
[2026-07-17T13:13:30.406Z] GET blob:https://challenges.cloudflare.com/30560c61-6deb-42a9-a33b-92eff7d4a17b → 200 (2ms, -72B)
[2026-07-17T13:13:30.615Z] GET blob:https://challenges.cloudflare.com/30560c61-6deb-42a9-a33b-92eff7d4a17b → 200 (5ms, -72B)
[2026-07-17T13:13:30.696Z] GET https://challenges.cloudflare.com/cdn-cgi/challenge-platform/h/b/ci/a1c98113bddaa8a9/1784294010133/XRqjOZbp5R9Zx_F → 200 (12ms, 478B)
[2026-07-17T13:13:30.761Z] POST https://challenges.cloudflare.com/cdn-cgi/challenge-platform/h/b/fo/492823404:1784289638:7YNdWLdN1xuvT4Gu8iAqOOlPBb_7kSnIaOGFqju1uHs/a1c98113bddaa8a9/vdXSX3iSRAwubLmcayEXTX_n6IQ8w5LWAvRZvRrliOE-1784294008-1.2.1.1-mOGVveEESdhFz4sItCIlGn4mjwrt67NsjF.PYEEe3yZpJB47gzCq48gfWTX.YDQI → 200 (47ms, 40125B)
[2026-07-17T13:13:30.806Z] GET blob:https://challenges.cloudflare.com/99d7074c-0882-4bba-aefa-a8cfa777c71e → 200 (4ms, -72B)
[2026-07-17T13:13:42.975Z] GET https://freedium.cfd/https://medium.com/@gwrx2005/top-10-ai-powered-crypto-trading-repositories-on-github-0041862546b6 → pending (?ms, ?B)
[2026-07-17T13:14:01.110Z] GET https://medium.com/@gwrx2005/top-10-ai-powered-crypto-trading-repositories-on-github-0041862546b6 → 403 (11ms, 4286B)
[2026-07-17T13:14:01.166Z] GET https://medium.com/cdn-cgi/challenge-platform/h/b/orchestrate/chl_page/v1?ray=a1c981dd2b22b4a8 → 200 (36ms, 77119B)
[2026-07-17T13:14:01.206Z] GET blob:https://medium.com/140efc52-f38f-4a9c-bc5a-8566d3a8ff72 → pending (?ms, ?B)
[2026-07-17T13:14:01.215Z] GET https://challenges.cloudflare.com/turnstile/v0/b/3104729c556c/api.js?onload=WBul8&render=explicit → 200 (15ms, -503B)
[2026-07-17T13:14:01.329Z] POST https://medium.com/cdn-cgi/challenge-platform/h/b/fo/48207252:1784289636:2obhmt90ql-73l_Y3qf0nJHFgQsWsVeJdefhEeKkZQs/a1c981dd2b22b4a8/Qk59aQsv3nfIf5c1duFANb98dB7CANC.zwl7GpbO4JQ-1784294041-1.2.1.1-Ha2WT11aeXXaqh.opB7gC.8o2lagjp6bH0NvxraOarGXW9FyBam2lNbEVlBlCh37 → 200 (29ms, 29939B)
[2026-07-17T13:14:01.354Z] GET blob:https://medium.com/b1d8c3e0-4f9a-48b3-b4f4-650a0a8e0fcf → 200 (6ms, -72B)
[2026-07-17T13:14:01.359Z] GET https://challenges.cloudflare.com/cdn-cgi/challenge-platform/h/b/turnstile/f/av0/rch/9a6xa/0x4AAAAAAADnPIDROrmt1Wwj/light/fbE/new/normal?lang=auto → 200 (26ms, 99364B)
[2026-07-17T13:14:01.443Z] GET blob:https://challenges.cloudflare.com/6ace298c-bb72-4385-903b-ecc668a7e9d4 → pending (?ms, ?B)
[2026-07-17T13:14:01.572Z] POST https://challenges.cloudflare.com/cdn-cgi/challenge-platform/h/b/fo/492823404:1784289638:7YNdWLdN1xuvT4Gu8iAqOOlPBb_7kSnIaOGFqju1uHs/a1c981debd28a8a9/MXUZV2zYMlt9tvgwpstN15y8XB9C.i5JiUY3v8REmjc-1784294041-1.2.1.1-iDLEwUto.G9z.O0H1p3FJ6wdw5OwVml13bFn21tDYKLtV5oH0dTkxRVWoSgSAWu1 → 200 (155ms, 328917B)
[2026-07-17T13:14:01.763Z] GET blob:https://challenges.cloudflare.com/b0cac7f4-5b48-4b0c-9ed6-c78dc02e9bea → 200 (23ms, -72B)
[2026-07-17T13:14:01.789Z] GET https://challenges.cloudflare.com/cdn-cgi/challenge-platform/h/b/pat/a1c981debd28a8a9/1784294041608/b32d93567613af5c96ba2b1ed36a7cff5ce0092eb97d178c6db8aa8c312268df/ZMpJF0fRVD11XY6 → 401 (9ms, 1693B)
[2026-07-17T13:14:01.789Z] GET https://brunhild.challenges.cloudflare.com/cdn-cgi/challenge-platform/h/b/i/a1c981debd28a8a9/MXUZV2zYMlt9tvgwpstN15y8XB9C.i5JiUY3v8REmjc-1784294041-1.2.1.1-iDLEwUto.G9z.O0H1p3FJ6wdw5OwVml13bFn21tDYKLtV5oH0dTkxRVWoSgSAWu1 → pending (?ms, ?B)
[2026-07-17T13:14:01.811Z] GET blob:https://challenges.cloudflare.com/b0cac7f4-5b48-4b0c-9ed6-c78dc02e9bea → 200 (2ms, -72B)
[2026-07-17T13:14:01.935Z] GET https://challenges.cloudflare.com/cdn-cgi/challenge-platform/h/b/ci/a1c981debd28a8a9/1784294041608/7mSKMKIBWhdGhw0 → 200 (11ms, 2702B)
[2026-07-17T13:14:01.946Z] GET blob:https://challenges.cloudflare.com/b0cac7f4-5b48-4b0c-9ed6-c78dc02e9bea → 200 (4ms, -72B)
[2026-07-17T13:14:02.231Z] POST https://challenges.cloudflare.com/cdn-cgi/challenge-platform/h/b/fo/492823404:1784289638:7YNdWLdN1xuvT4Gu8iAqOOlPBb_7kSnIaOGFqju1uHs/a1c981debd28a8a9/MXUZV2zYMlt9tvgwpstN15y8XB9C.i5JiUY3v8REmjc-1784294041-1.2.1.1-iDLEwUto.G9z.O0H1p3FJ6wdw5OwVml13bFn21tDYKLtV5oH0dTkxRVWoSgSAWu1 → 200 (62ms, 40111B)
[2026-07-17T13:14:02.293Z] GET blob:https://challenges.cloudflare.com/8cfad69b-c110-4977-91dc-c042bd92205e → 200 (?ms, -72B)
[2026-07-17T13:16:02.317Z] POST https://medium.com/cdn-cgi/challenge-platform/h/b/fo/48207252:1784289636:2obhmt90ql-73l_Y3qf0nJHFgQsWsVeJdefhEeKkZQs/a1c981dd2b22b4a8/Qk59aQsv3nfIf5c1duFANb98dB7CANC.zwl7GpbO4JQ-1784294041-1.2.1.1-Ha2WT11aeXXaqh.opB7gC.8o2lagjp6bH0NvxraOarGXW9FyBam2lNbEVlBlCh37 → 400 (19ms, 402B)
[2026-07-17T13:16:02.340Z] POST https://medium.com/cdn-cgi/challenge-platform/h/b/eb/48207252:1784289636:2obhmt90ql-73l_Y3qf0nJHFgQsWsVeJdefhEeKkZQs/a1c981dd2b22b4a8/Qk59aQsv3nfIf5c1duFANb98dB7CANC.zwl7GpbO4JQ-1784294041-1.2.1.1-Ha2WT11aeXXaqh.opB7gC.8o2lagjp6bH0NvxraOarGXW9FyBam2lNbEVlBlCh37/managed → 200 (10ms, 194B)
[2026-07-17T13:16:04.342Z] GET https://medium.com/@gwrx2005/top-10-ai-powered-crypto-trading-repositories-on-github-0041862546b6 → 403 (12ms, 5270B)
[2026-07-17T13:16:04.360Z] GET https://medium.com/cdn-cgi/challenge-platform/h/b/orchestrate/chl_page/v1?ray=a1c984df5e4a5d4b → 200 (32ms, 78445B)
[2026-07-17T13:16:04.400Z] GET blob:https://medium.com/fe35846e-cce2-4fbd-b4f6-b9a38c3c5ede → pending (?ms, ?B)
[2026-07-17T13:16:04.410Z] GET https://challenges.cloudflare.com/turnstile/v0/b/3104729c556c/api.js?onload=WBul8&render=explicit → 200 (?ms, -503B)
[2026-07-17T13:16:04.525Z] POST https://medium.com/cdn-cgi/challenge-platform/h/b/fo/48207252:1784289636:2obhmt90ql-73l_Y3qf0nJHFgQsWsVeJdefhEeKkZQs/a1c984df5e4a5d4b/cgYTLhoZx8j1iAuT0VnLbTqbKOuMkoRDuavMs71LRz0-1784294164-1.2.1.1-D7331UMxpr3_z8dq.IEz.Ft3nnxh1ovAKvLrz4uNWaBMsLIJczcE1XbeJ73Ng1i9 → 200 (32ms, 29938B)
[2026-07-17T13:16:04.554Z] GET blob:https://medium.com/092e85bf-87fc-4b3c-9d02-34a75fd305d7 → 200 (5ms, -72B)
[2026-07-17T13:16:04.558Z] GET https://challenges.cloudflare.com/cdn-cgi/challenge-platform/h/b/turnstile/f/av0/rch/ogw0d/0x4AAAAAAADnPIDROrmt1Wwj/light/fbE/new/normal?lang=auto → 200 (34ms, ?B)
[2026-07-17T13:16:04.622Z] GET blob:https://challenges.cloudflare.com/a8f79f62-2cc0-4d65-bf90-0a3f4e7cb6d1 → pending (?ms, ?B)
[2026-07-17T13:16:04.751Z] POST https://challenges.cloudflare.com/cdn-cgi/challenge-platform/h/b/fo/492823404:1784289638:7YNdWLdN1xuvT4Gu8iAqOOlPBb_7kSnIaOGFqju1uHs/a1c984e0cf39b4a8/oyawml38zrLC2Dnnxiu_bFv3VgMmTEmzz82v32D.CU8-1784294164-1.2.1.1-RRpehFoChsQ67jCksAwYhoblz4i8ovidyAbywWHLvyP5O1NBKIa2jSp450sDjwRm → 200 (122ms, 329248B)
[2026-07-17T13:16:04.907Z] GET blob:https://challenges.cloudflare.com/fb41d06d-7bfd-4977-9c3a-7aa1b392b8a2 → 200 (3ms, -72B)
[2026-07-17T13:16:04.933Z] GET https://challenges.cloudflare.com/cdn-cgi/challenge-platform/h/b/pat/a1c984e0cf39b4a8/1784294164785/35e7d21577a6b6d11cbe66f7c6dc8fecd5cdbf0537f93b89453af6c86661340d/fCj3stB0cbyFngF → 401 (8ms, 1695B)
[2026-07-17T13:16:04.934Z] GET https://brunhild.challenges.cloudflare.com/cdn-cgi/challenge-platform/h/b/i/a1c984e0cf39b4a8/oyawml38zrLC2Dnnxiu_bFv3VgMmTEmzz82v32D.CU8-1784294164-1.2.1.1-RRpehFoChsQ67jCksAwYhoblz4i8ovidyAbywWHLvyP5O1NBKIa2jSp450sDjwRm → pending (?ms, ?B)
[2026-07-17T13:16:04.937Z] GET blob:https://challenges.cloudflare.com/fb41d06d-7bfd-4977-9c3a-7aa1b392b8a2 → 200 (1ms, -72B)
[2026-07-17T13:16:04.943Z] GET https://challenges.cloudflare.com/cdn-cgi/challenge-platform/h/b/ci/a1c984e0cf39b4a8/1784294164785/J_IDi9vXZOxWlX3 → 200 (9ms, 914B)
[2026-07-17T13:16:04.952Z] GET blob:https://challenges.cloudflare.com/fb41d06d-7bfd-4977-9c3a-7aa1b392b8a2 → 200 (3ms, -72B)
[2026-07-17T13:16:05.318Z] POST https://challenges.cloudflare.com/cdn-cgi/challenge-platform/h/b/fo/492823404:1784289638:7YNdWLdN1xuvT4Gu8iAqOOlPBb_7kSnIaOGFqju1uHs/a1c984e0cf39b4a8/oyawml38zrLC2Dnnxiu_bFv3VgMmTEmzz82v32D.CU8-1784294164-1.2.1.1-RRpehFoChsQ67jCksAwYhoblz4i8ovidyAbywWHLvyP5O1NBKIa2jSp450sDjwRm → 200 (45ms, 40147B)
[2026-07-17T13:16:05.360Z] GET blob:https://challenges.cloudflare.com/e3490665-e4a1-4a99-b20e-ade2c677b921 → 200 (4ms, -72B)
[2026-07-17T13:18:05.382Z] POST https://medium.com/cdn-cgi/challenge-platform/h/b/fo/48207252:1784289636:2obhmt90ql-73l_Y3qf0nJHFgQsWsVeJdefhEeKkZQs/a1c984df5e4a5d4b/cgYTLhoZx8j1iAuT0VnLbTqbKOuMkoRDuavMs71LRz0-1784294164-1.2.1.1-D7331UMxpr3_z8dq.IEz.Ft3nnxh1ovAKvLrz4uNWaBMsLIJczcE1XbeJ73Ng1i9 → 200 (28ms, 4226B)
[2026-07-17T13:18:09.411Z] GET https://medium.com/@gwrx2005/top-10-ai-powered-crypto-trading-repositories-on-github-0041862546b6 → 403 (13ms, 5311B)
[2026-07-17T13:18:09.428Z] GET https://medium.com/cdn-cgi/challenge-platform/h/b/orchestrate/chl_page/v1?ray=a1c987ed0b285d4b → 200 (37ms, 83150B)
[2026-07-17T13:18:09.470Z] GET blob:https://medium.com/a49e82cc-2cb6-4741-ab0f-8a7b964f47be → pending (?ms, ?B)
[2026-07-17T13:18:09.477Z] GET https://challenges.cloudflare.com/turnstile/v0/b/3104729c556c/api.js?onload=WBul8&render=explicit → 200 (1ms, -503B)
[2026-07-17T13:18:09.592Z] POST https://medium.com/cdn-cgi/challenge-platform/h/b/fo/48207252:1784289636:2obhmt90ql-73l_Y3qf0nJHFgQsWsVeJdefhEeKkZQs/a1c987ed0b285d4b/1MOzvdnsIaD2YRnw7MI96qeWxFQIE6xj31ovTGLWor4-1784294289-1.2.1.1-1b9tK9XbJptxhdNrwrT1NJ0V.K7ltAH8S8jDpFQpYWuIv6S_bOMVRSGkF4evZM7g → 200 (30ms, 29934B)
[2026-07-17T13:18:09.619Z] GET blob:https://medium.com/f265f206-7c22-4071-84a7-d6359ac49600 → 200 (5ms, -72B)
[2026-07-17T13:18:09.623Z] GET https://challenges.cloudflare.com/cdn-cgi/challenge-platform/h/b/turnstile/f/av0/rch/30co1/0x4AAAAAAADnPIDROrmt1Wwj/light/fbE/new/normal?lang=auto → 200 (25ms, 99826B)
[2026-07-17T13:18:09.678Z] GET blob:https://challenges.cloudflare.com/fa1a9358-10bc-4843-b619-cac63d1b7d16 → pending (?ms, ?B)
[2026-07-17T13:18:09.806Z] POST https://challenges.cloudflare.com/cdn-cgi/challenge-platform/h/b/fo/492823404:1784289638:7YNdWLdN1xuvT4Gu8iAqOOlPBb_7kSnIaOGFqju1uHs/a1c987ee6d03cbd5/Hg3pk27EGPq9Ts7iG6io_YKfEx837rMS5NmfuLlhwEI-1784294289-1.2.1.1-jsvuaSNbFId6LIJV5pOfj5vCJQ7KxqAolF28JSZIasR280EX7ALctasMLC0v9pW3 → 200 (129ms, 329499B)
[2026-07-17T13:18:09.969Z] GET blob:https://challenges.cloudflare.com/9f88b93f-d946-4172-9796-73b4b452f6d3 → 200 (2ms, -72B)
[2026-07-17T13:18:09.993Z] GET https://brunhild.challenges.cloudflare.com/cdn-cgi/challenge-platform/h/b/i/a1c987ee6d03cbd5/Hg3pk27EGPq9Ts7iG6io_YKfEx837rMS5NmfuLlhwEI-1784294289-1.2.1.1-jsvuaSNbFId6LIJV5pOfj5vCJQ7KxqAolF28JSZIasR280EX7ALctasMLC0v9pW3 → pending (?ms, ?B)
[2026-07-17T13:18:09.994Z] GET https://challenges.cloudflare.com/cdn-cgi/challenge-platform/h/b/pat/a1c987ee6d03cbd5/1784294289840/2350b97ae241b06559b0e5cc58bc3be635c3d075fe5ffe6a6d5eb0d8d19662b0/RjTZK4qYUQDBC1D → 401 (8ms, 1695B)
[2026-07-17T13:18:09.998Z] GET https://challenges.cloudflare.com/cdn-cgi/challenge-platform/h/b/ci/a1c987ee6d03cbd5/1784294289840/-i2N4tIhalxF6jf → 200 (44ms, 3398B)
[2026-07-17T13:18:10.176Z] GET blob:https://challenges.cloudflare.com/9f88b93f-d946-4172-9796-73b4b452f6d3 → 200 (2ms, -72B)
[2026-07-17T13:18:10.301Z] GET blob:https://challenges.cloudflare.com/9f88b93f-d946-4172-9796-73b4b452f6d3 → 200 (11ms, -72B)
[2026-07-17T13:18:10.383Z] POST https://challenges.cloudflare.com/cdn-cgi/challenge-platform/h/b/fo/492823404:1784289638:7YNdWLdN1xuvT4Gu8iAqOOlPBb_7kSnIaOGFqju1uHs/a1c987ee6d03cbd5/Hg3pk27EGPq9Ts7iG6io_YKfEx837rMS5NmfuLlhwEI-1784294289-1.2.1.1-jsvuaSNbFId6LIJV5pOfj5vCJQ7KxqAolF28JSZIasR280EX7ALctasMLC0v9pW3 → 200 (42ms, 40096B)
[2026-07-17T13:18:10.423Z] GET blob:https://challenges.cloudflare.com/29403ed4-e59c-4041-b68f-fdd65c4f75e9 → 200 (4ms, -72B)
[2026-07-17T13:20:10.445Z] POST https://medium.com/cdn-cgi/challenge-platform/h/b/fo/48207252:1784289636:2obhmt90ql-73l_Y3qf0nJHFgQsWsVeJdefhEeKkZQs/a1c987ed0b285d4b/1MOzvdnsIaD2YRnw7MI96qeWxFQIE6xj31ovTGLWor4-1784294289-1.2.1.1-1b9tK9XbJptxhdNrwrT1NJ0V.K7ltAH8S8jDpFQpYWuIv6S_bOMVRSGkF4evZM7g → 200 (35ms, 4193B)
[2026-07-17T13:20:18.480Z] GET https://medium.com/@gwrx2005/top-10-ai-powered-crypto-trading-repositories-on-github-0041862546b6 → 403 (12ms, 5305B)
[2026-07-17T13:20:18.497Z] GET https://medium.com/cdn-cgi/challenge-platform/h/b/orchestrate/chl_page/v1?ray=a1c98b13b98eb4a8 → 200 (38ms, 83878B)
[2026-07-17T13:20:18.540Z] GET blob:https://medium.com/58059a10-cc9d-4c8d-b320-a4fe511e341b → pending (?ms, ?B)
[2026-07-17T13:20:18.548Z] GET https://challenges.cloudflare.com/turnstile/v0/b/3104729c556c/api.js?onload=WBul8&render=explicit → 200 (?ms, -503B)
[2026-07-17T13:20:18.664Z] POST https://medium.com/cdn-cgi/challenge-platform/h/b/fo/48207252:1784289636:2obhmt90ql-73l_Y3qf0nJHFgQsWsVeJdefhEeKkZQs/a1c98b13b98eb4a8/MNaK5.9wjjBszKkeTYi5NDXeNB1E3gCiMfopPHUz1t4-1784294418-1.2.1.1-AcZR9n7QT6I_Gl63uHnGY8D5XJXUjGGs9zgyEQxntbMx8TeuyzZ4nKBxmvOkYZjj → 200 (28ms, 29947B)
[2026-07-17T13:20:18.690Z] GET blob:https://medium.com/e4ea27e6-9273-4753-b7f1-9770b640d541 → 200 (5ms, -72B)
[2026-07-17T13:20:18.693Z] GET https://challenges.cloudflare.com/cdn-cgi/challenge-platform/h/b/turnstile/f/av0/rch/tl7o8/0x4AAAAAAADnPIDROrmt1Wwj/light/fbE/new/normal?lang=auto → 200 (31ms, 102656B)
[2026-07-17T13:20:18.757Z] GET blob:https://challenges.cloudflare.com/eab47278-125d-431c-a954-4b906c18f1d1 → pending (?ms, ?B)
[2026-07-17T13:20:18.884Z] POST https://challenges.cloudflare.com/cdn-cgi/challenge-platform/h/b/fo/492823404:1784289638:7YNdWLdN1xuvT4Gu8iAqOOlPBb_7kSnIaOGFqju1uHs/a1c98b151aa8853c/s4491WA6NTYWx3Z91EDjuMKNYlPBVfmjABd9dhbakdA-1784294418-1.2.1.1-Mwu53l.90.kPIEygederB5dX_dPKeLUhabOiZOnxAxN2XWFevTscdA7_zPqlLikc → 200 (115ms, 328636B)
[2026-07-17T13:20:19.029Z] GET blob:https://challenges.cloudflare.com/2fc9b6c6-401e-46ba-9f1b-91c92d7a5727 → 200 (3ms, -72B)
[2026-07-17T13:20:19.053Z] GET https://brunhild.challenges.cloudflare.com/cdn-cgi/challenge-platform/h/b/i/a1c98b151aa8853c/s4491WA6NTYWx3Z91EDjuMKNYlPBVfmjABd9dhbakdA-1784294418-1.2.1.1-Mwu53l.90.kPIEygederB5dX_dPKeLUhabOiZOnxAxN2XWFevTscdA7_zPqlLikc → pending (?ms, ?B)
[2026-07-17T13:20:19.054Z] GET https://challenges.cloudflare.com/cdn-cgi/challenge-platform/h/b/pat/a1c98b151aa8853c/1784294418917/c49d850a6d2682190cf8aa573e2bdb66a1e8de9355f02ed44f192a4b7f1786f4/SeAP5st2N9t_mUX → 401 (9ms, 1695B)
[2026-07-17T13:20:19.075Z] GET https://challenges.cloudflare.com/cdn-cgi/challenge-platform/h/b/ci/a1c98b151aa8853c/1784294418917/pUOQvu-yWBw4oOl → 200 (?ms, 5747B)
[2026-07-17T13:20:19.296Z] GET blob:https://challenges.cloudflare.com/2fc9b6c6-401e-46ba-9f1b-91c92d7a5727 → 200 (2ms, -72B)
[2026-07-17T13:20:19.310Z] GET blob:https://challenges.cloudflare.com/2fc9b6c6-401e-46ba-9f1b-91c92d7a5727 → 200 (5ms, -72B)
[2026-07-17T13:20:19.453Z] POST https://challenges.cloudflare.com/cdn-cgi/challenge-platform/h/b/fo/492823404:1784289638:7YNdWLdN1xuvT4Gu8iAqOOlPBb_7kSnIaOGFqju1uHs/a1c98b151aa8853c/s4491WA6NTYWx3Z91EDjuMKNYlPBVfmjABd9dhbakdA-1784294418-1.2.1.1-Mwu53l.90.kPIEygederB5dX_dPKeLUhabOiZOnxAxN2XWFevTscdA7_zPqlLikc → 200 (41ms, 40112B)
[2026-07-17T13:20:19.492Z] GET blob:https://challenges.cloudflare.com/9627734a-f9f0-4674-bb67-4365eb7cda9b → 200 (5ms, -72B)
[2026-07-17T13:20:41.751Z] GET https://github.com/marketcalls/openalgo → pending (?ms, ?B)
[2026-07-17T13:20:42.339Z] GET https://github.githubassets.com/assets/light-62b06818b06b09b7.css → 200 (2ms, -775B)
[2026-07-17T13:20:42.339Z] GET https://github.githubassets.com/assets/light_high_contrast-44cd405df9340c5c.css → 200 (3ms, -774B)
[2026-07-17T13:20:42.339Z] GET https://github.githubassets.com/assets/dark-f3311053b052c5d4.css → 200 (3ms, -775B)
[2026-07-17T13:20:42.339Z] GET https://github.githubassets.com/assets/dark_high_contrast-6739a26cef6aaf8e.css → 200 (3ms, -775B)
[2026-07-17T13:20:42.339Z] GET https://github.githubassets.com/assets/primer-primitives-ac2f4b33720c6312.css → 200 (3ms, -772B)
[2026-07-17T13:20:42.339Z] GET https://github.githubassets.com/assets/primer-bb3e7caff8347285.css → 200 (4ms, -773B)
[2026-07-17T13:20:42.339Z] GET https://github.githubassets.com/assets/global-e7276ff9ba0dc008.css → 200 (6ms, -773B)
[2026-07-17T13:20:42.339Z] GET https://github.githubassets.com/assets/github-9feca2dee6fea037.css → 200 (7ms, -774B)
[2026-07-17T13:20:42.339Z] GET https://github.githubassets.com/assets/repository-6534fbc3f5e83ac0.css → 200 (8ms, -773B)
[2026-07-17T13:20:42.339Z] GET https://github.githubassets.com/assets/code-2e8b2d0c3572ac0b.css → 200 (8ms, -774B)
[2026-07-17T13:20:42.339Z] GET https://github.githubassets.com/assets/high-contrast-cookie-e99d8801a8e707d0.js → 200 (8ms, -788B)
[2026-07-17T13:20:42.339Z] GET https://github.githubassets.com/assets/wp-runtime-3543140f566b1250.js → 200 (114ms, 23515B)
[2026-07-17T13:20:42.339Z] GET https://github.githubassets.com/assets/app-foundation-1148b3375bce34af.js → 200 (114ms, 2135B)
[2026-07-17T13:20:42.339Z] GET https://github.githubassets.com/assets/app-runtime-1787dbcde5de6b8f.js → 200 (114ms, 26790B)
[2026-07-17T13:20:42.339Z] GET https://github.githubassets.com/assets/fetch-utilities-7fed68b8333e9826.js → 200 (10ms, -788B)
[2026-07-17T13:20:42.339Z] GET https://github.githubassets.com/assets/78205-5d6a6f402b7a8e68.js → 200 (11ms, -788B)
[2026-07-17T13:20:42.339Z] GET https://github.githubassets.com/assets/89415-812392e4104ab411.js → 200 (14ms, -788B)
[2026-07-17T13:20:42.339Z] GET https://github.githubassets.com/assets/environment-f3f12838044fcdcf.js → 200 (14ms, -785B)
[2026-07-17T13:20:42.339Z] GET https://github.githubassets.com/assets/app-runtime.fe836f0eb902b6f3.module.css → 200 (37ms, 1499B)
[2026-07-17T13:20:42.339Z] GET https://github.githubassets.com/assets/runtime-helpers-07d9b6c19e17ed0e.js → 200 (15ms, -785B)
[2026-07-17T13:20:42.339Z] GET https://github.githubassets.com/assets/catalyst-2b159a120cac7df3.js → 200 (15ms, -788B)
[2026-07-17T13:20:42.339Z] GET https://github.githubassets.com/assets/selector-observer-6cc59d6d6cb4ac45.js → 200 (15ms, -787B)
[2026-07-17T13:20:42.339Z] GET https://github.githubassets.com/assets/relative-time-element-53f90fd67c911d95.js → 200 (16ms, -786B)
[2026-07-17T13:20:42.339Z] GET https://github.githubassets.com/assets/296-4c0a68ac3f1b71d1.js → 200 (16ms, -788B)
[2026-07-17T13:20:42.339Z] GET https://github.githubassets.com/assets/816-8d95115b2deb6077.js → 200 (16ms, -788B)
[2026-07-17T13:20:42.339Z] GET https://github.githubassets.com/assets/21265-6a76b64e3534ad57.js → 200 (17ms, -788B)
[2026-07-17T13:20:42.339Z] GET https://github.githubassets.com/assets/81683-bbf17e7ded27669b.js → 200 (17ms, -788B)
[2026-07-17T13:20:42.339Z] GET https://github.githubassets.com/assets/46740-eafd9231dd2851b5.js → 200 (17ms, -788B)
[2026-07-17T13:20:42.339Z] GET https://github.githubassets.com/assets/30058-a587bf91d659fae4.js → 200 (29ms, -787B)
[2026-07-17T13:20:42.339Z] GET https://github.githubassets.com/assets/github-elements-9c0e90e6da2c718a.js → 200 (18ms, -785B)
[2026-07-17T13:20:42.339Z] GET https://github.githubassets.com/assets/element-registry-cc8ddb9027383f28.js → 200 (27ms, -785B)
[2026-07-17T13:20:42.339Z] GET https://github.githubassets.com/assets/aria-live-e19e787d92ce5691.js → 200 (18ms, -784B)
[2026-07-17T13:20:42.339Z] GET https://github.githubassets.com/assets/hotkey-1338be440a91805c.js → 200 (19ms, -788B)
[2026-07-17T13:20:42.339Z] GET https://github.githubassets.com/assets/react-core-1604fae626b96d1b.js → 200 (30ms, -787B)
[2026-07-17T13:20:42.340Z] GET https://github.githubassets.com/assets/react-lib-8374452cf670a3dd.js → 200 (29ms, -789B)
[2026-07-17T13:20:42.340Z] GET https://github.githubassets.com/assets/38566-18d0a37605b397b1.js → 200 (18ms, -788B)
[2026-07-17T13:20:42.340Z] GET https://github.githubassets.com/assets/79039-f3a5d669cf7dafb8.js → 200 (18ms, -788B)
[2026-07-17T13:20:42.340Z] GET https://github.githubassets.com/assets/88475-b108bff2e4d2f3b9.js → 200 (19ms, -787B)
[2026-07-17T13:20:42.340Z] GET https://github.githubassets.com/assets/26533-40828ca3a25cd387.js → 200 (27ms, -789B)
[2026-07-17T13:20:42.340Z] GET https://github.githubassets.com/assets/3092-3835ccf9e736f8f3.js → 200 (19ms, -789B)
[2026-07-17T13:20:42.340Z] GET https://github.githubassets.com/assets/62870-e1debc71677344a3.js → 200 (19ms, -787B)
[2026-07-17T13:20:42.340Z] GET https://github.githubassets.com/assets/85720-4d25c178319d3929.js → 200 (21ms, -785B)
[2026-07-17T13:20:42.340Z] GET https://github.githubassets.com/assets/74294-37a7fce1f35f232b.js → 200 (21ms, -786B)
[2026-07-17T13:20:42.340Z] GET https://github.githubassets.com/assets/29863-ab3f485fdc17575f.js → 200 (21ms, -789B)
[2026-07-17T13:20:42.340Z] GET https://github.githubassets.com/assets/27956-b37ebf88845b377c.js → 200 (113ms, 4419B)
[2026-07-17T13:20:42.340Z] GET https://github.githubassets.com/assets/24061-924c3ecefbdc3dc8.js → 200 (22ms, -788B)
[2026-07-17T13:20:42.340Z] GET https://github.githubassets.com/assets/behaviors-f32f625151c0f83c.js → 200 (28ms, -785B)
[2026-07-17T13:20:42.340Z] GET https://github.githubassets.com/assets/react-core.8ba882dbbfce4357.module.css → 200 (10ms, -771B)
[2026-07-17T13:20:42.340Z] GET https://github.githubassets.com/assets/notifications-global-e88c9edde27b90c3.js → 200 (23ms, -785B)
[2026-07-17T13:20:42.340Z] GET https://github.githubassets.com/assets/7348-dfd7c187369d5d33.js → 200 (24ms, -787B)
[2026-07-17T13:20:42.340Z] GET https://github.githubassets.com/assets/43976-df769dec8084be97.js → 200 (24ms, -788B)
[2026-07-17T13:20:42.340Z] GET https://github.githubassets.com/assets/codespaces-66bf8921b4d60313.js → 200 (24ms, -785B)
[2026-07-17T13:20:42.340Z] GET https://github.githubassets.com/assets/61407-9b9a7dad3117da08.js → 200 (24ms, -786B)
[2026-07-17T13:20:42.340Z] GET https://github.githubassets.com/assets/94128-2283bb00fc03e74a.js → 200 (24ms, -784B)
[2026-07-17T13:20:42.340Z] GET https://github.githubassets.com/assets/repositories-a4c7ce39a70b699b.js → 200 (24ms, -784B)
[2026-07-17T13:20:42.340Z] GET https://github.githubassets.com/assets/code-menu-00b724bcbb8fa494.js → 200 (24ms, -783B)
[2026-07-17T13:20:42.340Z] GET https://github.githubassets.com/assets/primer-react-98420ac0b3a270da.js → 200 (29ms, -788B)
[2026-07-17T13:20:42.340Z] GET https://github.githubassets.com/assets/octicons-react-18b2c0cd5494100e.js → 200 (29ms, -789B)
[2026-07-17T13:20:42.340Z] GET https://github.githubassets.com/assets/65063-bd8203e1dd0b89c0.js → 200 (25ms, -788B)
[2026-07-17T13:20:42.340Z] GET https://github.githubassets.com/assets/437-419907f8f35fdea5.js → 200 (25ms, -788B)
[2026-07-17T13:20:42.340Z] GET https://github.githubassets.com/assets/41328-58fd5c991cf22249.js → 200 (25ms, -788B)
[2026-07-17T13:20:42.340Z] GET https://github.githubassets.com/assets/7463-c53cb51bb7bcb6c4.js → 200 (24ms, -788B)
[2026-07-17T13:20:42.340Z] GET https://github.githubassets.com/assets/27600-0e4c25b9966aa15b.js → 200 (28ms, -788B)
[2026-07-17T13:20:42.340Z] GET https://github.githubassets.com/assets/88493-9ebec306434f2746.js → 200 (25ms, -788B)
[2026-07-17T13:20:42.340Z] GET https://github.githubassets.com/assets/47406-464b20c3e445acd6.js → 200 (112ms, 26581B)
[2026-07-17T13:20:42.340Z] GET https://github.githubassets.com/assets/76041-a6f3ef7ba2d359b5.js → 200 (25ms, -788B)
[2026-07-17T13:20:42.340Z] GET https://github.githubassets.com/assets/27784-0112a594e916e721.js → 200 (25ms, -786B)
[2026-07-17T13:20:42.340Z] GET https://github.githubassets.com/assets/99829-9afc122ab8cee792.js → 200 (25ms, -787B)
[2026-07-17T13:20:42.340Z] GET https://github.githubassets.com/assets/71192-4386a645531b5440.js → 200 (25ms, -785B)
[2026-07-17T13:20:42.340Z] GET https://github.githubassets.com/assets/4871-f3fe244d12d50c8e.js → 200 (25ms, -788B)
[2026-07-17T13:20:42.340Z] GET https://github.githubassets.com/assets/12540-ff5fc8c3704dbf59.js → 200 (26ms, -785B)
[2026-07-17T13:20:42.340Z] GET https://github.githubassets.com/assets/57664-8edaaf8dbbdda224.js → 200 (26ms, -786B)
[2026-07-17T13:20:42.340Z] GET https://github.githubassets.com/assets/56324-8a8fbd03a34663cd.js → 200 (112ms, 12986B)
[2026-07-17T13:20:42.340Z] GET https://github.githubassets.com/assets/4706-45d3000d5efad6d2.js → 200 (26ms, -788B)
[2026-07-17T13:20:42.340Z] GET https://github.githubassets.com/assets/47278-d9078a730c8958f1.js → 200 (26ms, -786B)
[2026-07-17T13:20:42.340Z] GET https://github.githubassets.com/assets/1966-fbfbfc822eb8550d.js → 200 (26ms, -789B)
[2026-07-17T13:20:42.341Z] GET https://github.githubassets.com/assets/8151-2036b4a45274e8b5.js → 200 (25ms, -788B)
[2026-07-17T13:20:42.341Z] GET https://github.githubassets.com/assets/10257-c2d9ec71122a1668.js → 200 (25ms, -787B)
[2026-07-17T13:20:42.341Z] GET https://github.githubassets.com/assets/52898-0ab480a48560f3f2.js → 200 (25ms, -788B)
[2026-07-17T13:20:42.341Z] GET https://github.githubassets.com/assets/13735-09a704d2a440246b.js → 200 (25ms, -784B)
[2026-07-17T13:20:42.341Z] GET https://github.githubassets.com/assets/99788-0f158acfb8fdecf1.js → 200 (26ms, -787B)
[2026-07-17T13:20:42.341Z] GET https://github.githubassets.com/assets/30223-ef4189dbba91230c.js → 200 (26ms, -787B)
[2026-07-17T13:20:42.341Z] GET https://github.githubassets.com/assets/21472-af577251473db06d.js → 200 (26ms, -785B)
[2026-07-17T13:20:42.341Z] GET https://github.githubassets.com/assets/79589-762bffee0b18f428.js → 200 (26ms, -785B)
[2026-07-17T13:20:42.341Z] GET https://github.githubassets.com/assets/24860-de80870afe0fc78a.js → 200 (26ms, -787B)
[2026-07-17T13:20:42.341Z] GET https://github.githubassets.com/assets/85736-d9caa530f35ccac2.js → 200 (26ms, -787B)
[2026-07-17T13:20:42.341Z] GET https://github.githubassets.com/assets/15119-52fa3eafa6768f51.js → 200 (26ms, -783B)
[2026-07-17T13:20:42.341Z] GET https://github.githubassets.com/assets/62192-fafe1486852c14a1.js → 200 (113ms, 2761B)
[2026-07-17T13:20:42.341Z] GET https://github.githubassets.com/assets/15893-2ce25cfff00ac189.js → 200 (26ms, -785B)
[2026-07-17T13:20:42.341Z] GET https://github.githubassets.com/assets/66917-4586116605ec45e8.js → 200 (26ms, -785B)
[2026-07-17T13:20:42.341Z] GET https://github.githubassets.com/assets/3399-7a46a2831d60fcd9.js → 200 (27ms, -786B)
[2026-07-17T13:20:42.341Z] GET https://github.githubassets.com/assets/26473-c7af40bc9bfc724a.js → 200 (27ms, -787B)
[2026-07-17T13:20:42.341Z] GET https://github.githubassets.com/assets/4409-aa37a6c47e0137cf.js → 200 (113ms, 157773B)
[2026-07-17T13:20:42.341Z] GET https://github.githubassets.com/assets/code-view-5ca8fea3db3af855.js → 200 (27ms, -783B)
[2026-07-17T13:20:42.341Z] GET https://github.githubassets.com/assets/primer-react-css.d23cf0f01e1a72d8.module.css → 200 (21ms, -774B)
[2026-07-17T13:20:42.341Z] GET https://github.githubassets.com/assets/99788.7be3864135368ac9.module.css → 200 (21ms, -772B)
[2026-07-17T13:20:42.341Z] GET https://github.githubassets.com/assets/4409.6a7b96928bcff1a2.module.css → 200 (35ms, 16640B)
[2026-07-17T13:20:42.341Z] GET https://github.githubassets.com/assets/code-view.89b97420a97e18fd.module.css → 200 (22ms, -768B)
[2026-07-17T13:20:42.341Z] GET https://github.githubassets.com/assets/93986-f4c7538bab703c72.js → 200 (27ms, -788B)
[2026-07-17T13:20:42.341Z] GET https://github.githubassets.com/assets/59175-be15ff673ca381f5.js → 200 (27ms, -782B)
[2026-07-17T13:20:42.341Z] GET https://github.githubassets.com/assets/notifications-subscriptions-menu-dc1e98aee619266d.js → 200 (27ms, -781B)
[2026-07-17T13:20:42.341Z] GET https://github.githubassets.com/assets/notifications-subscriptions-menu.4418699da2895f4c.module.css → 200 (22ms, -767B)
[2026-07-17T13:20:42.365Z] GET https://github.githubassets.com/assets/keyboard-shortcuts-dialog.7d5cc9abd7aa8f78.module.css → 200 (3ms, -770B)
[2026-07-17T13:20:42.365Z] GET https://github.githubassets.com/assets/70666-2f0147a238106a53.js → 200 (4ms, -790B)
[2026-07-17T13:20:42.365Z] GET https://github.githubassets.com/assets/80137-34ca1387246c1434.js → 200 (4ms, -788B)
[2026-07-17T13:20:42.365Z] GET https://github.githubassets.com/assets/sessions-ecd48f3a76a81b14.js → 200 (88ms, 6825B)
[2026-07-17T13:20:42.365Z] GET https://github.githubassets.com/assets/marketing-navigation.7da818c31d024167.module.css → 200 (4ms, -769B)
[2026-07-17T13:20:42.372Z] GET https://camo.githubusercontent.com/116d1c9c3cc7d2748c41a603122b99c7ca029c193297b166694feacc21bf1e37/68747470733a2f2f7374617469632e706570792e746563682f62616467652f6f70656e616c676f → 200 (79ms, 1727B)
[2026-07-17T13:20:42.372Z] GET https://camo.githubusercontent.com/ab6a45f4158dbb03c61371ba17d10291b00f1ad961f60d33a1548f7d1c33f4ea/68747470733a2f2f7374617469632e706570792e746563682f62616467652f6f70656e616c676f2f6d6f6e7468 → 200 (80ms, 1374B)
[2026-07-17T13:20:42.372Z] GET https://camo.githubusercontent.com/401723fb3c8f5fe3fe85789529456d5840a6de6d9fbaac2174dfe9c695b40c58/68747470733a2f2f696d672e736869656c64732e696f2f747769747465722f666f6c6c6f772f6f70656e616c676f4851 → 200 (77ms, 1947B)
[2026-07-17T13:20:42.372Z] GET https://camo.githubusercontent.com/65ba710194f24f36e1a590cb4c4bf326c037a399abb875066bfdfa8598875189/68747470733a2f2f696d672e736869656c64732e696f2f796f75747562652f6368616e6e656c2f73756273637269626572732f5543773765566e65494579695441707934527478724a7351 → 200 (78ms, 2471B)
[2026-07-17T13:20:42.372Z] GET https://camo.githubusercontent.com/8c85f43b4150df0b44646ee342b71457954f2e28147b06c5e58e58bae5be0403/68747470733a2f2f696d672e736869656c64732e696f2f646973636f72642f31323139383437323231303535343535323633 → 200 (193ms, 1536B)
[2026-07-17T13:20:42.372Z] GET https://camo.githubusercontent.com/8277c3a2b1b6c1a92c60cc876984c8fad0abe5b5fd6a2fda51cc322f115a1d82/68747470733a2f2f696d672e796f75747562652e636f6d2f76692f53356d794d6f39575564512f302e6a7067 → 200 (76ms, 5769B)
[2026-07-17T13:20:42.372Z] GET https://camo.githubusercontent.com/e78ed339cd3f88b33f9ca1c4acaff94b9138976449068fbef7f84bbaf3a8ebb4/68747470733a2f2f7265706f62656174732e6178696f6d2e636f2f6170692f656d6265642f306236623138313934613330383963623437616238616535383863616162623134616139393732622e737667 → 200 (257ms, 41626B)
[2026-07-17T13:20:42.505Z] GET https://github.githubassets.com/assets/chunk-84714-6d9a694ec07280a0.js → 200 (155ms, -785B)
[2026-07-17T13:20:42.563Z] GET https://github.com/marketcalls/openalgo/latest-commit → 200 (129ms, 5454B)
[2026-07-17T13:20:42.563Z] GET https://github.com/marketcalls/openalgo/recently-touched-branches → 200 (131ms, 4213B)
[2026-07-17T13:20:42.564Z] GET https://github.com/marketcalls/openalgo/branch-and-tag-count → 200 (116ms, 4180B)
[2026-07-17T13:20:42.626Z] GET https://github.githubassets.com/assets/chunk-11520-dfc4110be85e51fd.js → 200 (40ms, -785B)
[2026-07-17T13:20:42.626Z] GET https://github.githubassets.com/assets/chunk-96363-a10c222543035723.js → 200 (40ms, -786B)
[2026-07-17T13:20:42.626Z] GET https://github.githubassets.com/assets/chunk-21773-c5df6c569f9fb69b.js → 200 (40ms, -788B)
[2026-07-17T13:20:42.626Z] GET https://github.githubassets.com/assets/44391-904a14aef100117b.js → 200 (40ms, -788B)
[2026-07-17T13:20:42.627Z] GET https://github.githubassets.com/assets/6627-e6bb8376c2641d22.js → 200 (39ms, -788B)
[2026-07-17T13:20:42.627Z] GET https://github.githubassets.com/assets/chunk-80496-8db26b70e99c302a.js → 200 (41ms, 19120B)
[2026-07-17T13:20:42.627Z] GET https://github.githubassets.com/assets/26194-848378072a556005.js → 200 (39ms, -788B)
[2026-07-17T13:20:42.627Z] GET https://github.githubassets.com/assets/chunk-39410-5b67faccc65394da.js → 200 (40ms, -787B)
[2026-07-17T13:20:42.627Z] GET https://github.githubassets.com/assets/chunk-64411-941e364197e595a6.js → 200 (40ms, -787B)
[2026-07-17T13:20:42.627Z] GET https://github.githubassets.com/assets/chunk-11265-ca7e25f5be1554ef.js → 200 (41ms, 816B)
[2026-07-17T13:20:42.627Z] GET https://github.githubassets.com/assets/chunk-4238-90e6b185df4326bd.js → 200 (40ms, -784B)
[2026-07-17T13:20:42.627Z] GET https://github.githubassets.com/assets/chunk-81686-f995057aa909148d.js → 200 (40ms, -786B)
[2026-07-17T13:20:42.628Z] GET https://github.githubassets.com/assets/chunk-18467-a10f413307eb3394.js → 200 (39ms, -788B)
[2026-07-17T13:20:42.628Z] GET https://github.githubassets.com/assets/94189-b3b3cf64b4d60c50.js → 200 (39ms, -783B)
[2026-07-17T13:20:42.628Z] GET https://github.githubassets.com/assets/38963.b7490d396b806559.module.css → 200 (1ms, -773B)
[2026-07-17T13:20:42.628Z] GET https://github.githubassets.com/assets/71236-8ea5a53edb2c647a.js → 200 (39ms, -785B)
[2026-07-17T13:20:42.628Z] GET https://github.githubassets.com/assets/64670-d0483546ca453d8f.js → 200 (39ms, -784B)
[2026-07-17T13:20:42.628Z] GET https://github.githubassets.com/assets/20522-10cdc8443a75e2aa.js → 200 (40ms, -783B)
[2026-07-17T13:20:42.628Z] GET https://github.githubassets.com/assets/70168.d32d7fe09acdf22f.module.css → 200 (1ms, -774B)
[2026-07-17T13:20:42.628Z] GET https://github.githubassets.com/assets/chunk-lazy-react-partial-marketing-navigation-f1d31f6699c01db4.js → 200 (39ms, -787B)
[2026-07-17T13:20:42.659Z] GET https://github.com/marketcalls/openalgo/hovercards/citation/sidebar_partial?tree_name=main → 204 (98ms, ?B)
[2026-07-17T13:20:42.659Z] GET https://github.com/marketcalls/openalgo/packages_list?current_repository=openalgo → 200 (140ms, ?B)
[2026-07-17T13:20:42.659Z] GET https://github.com/marketcalls/openalgo/used_by_list → pending (?ms, ?B)
[2026-07-17T13:20:42.659Z] GET https://github.com/marketcalls/openalgo/contributors_list?current_repository=openalgo&deferred=true → 200 (140ms, ?B)
[2026-07-17T13:20:42.680Z] POST https://collector.github.com/github/collect → pending (?ms, ?B)
[2026-07-17T13:20:42.680Z] GET https://github.com/marketcalls/openalgo/tree-commit-info → pending (?ms, ?B)
[2026-07-17T13:20:42.732Z] GET https://github.com/marketcalls/openalgo/refs?type=branch → pending (?ms, ?B)
[2026-07-17T13:20:42.732Z] GET https://github.com/marketcalls/openalgo/overview-files/main → pending (?ms, ?B)
[2026-07-17T13:20:42.732Z] GET https://avatars.githubusercontent.com/u/8728989?v=4&size=40 → 200 (19ms, 1051B)
[2026-07-17T13:20:42.732Z] GET https://avatars.githubusercontent.com/u/81847?v=4&size=40 → 200 (19ms, 2206B)
[2026-07-17T13:20:42.758Z] GET https://github.githubassets.com/assets/chunk-85825-72ed621de1118402.js → 200 (1ms, -787B)
[2026-07-17T13:20:42.759Z] GET https://github.githubassets.com/assets/appearance-settings.5cdafca6fe9b36d7.module.css → 200 (?ms, -767B)
[2026-07-17T13:20:42.796Z] GET https://github.githubassets.com/assets/79471-c9733d9a89ea2bea.js → 200 (3ms, -785B)
[2026-07-17T13:20:42.796Z] GET https://github.githubassets.com/assets/75183-4b2753b14eec5894.js → 200 (3ms, -782B)
[2026-07-17T13:20:42.796Z] GET https://github.githubassets.com/assets/71849.59a2d00548969b30.module.css → 200 (?ms, -772B)
[2026-07-17T13:20:42.833Z] GET https://avatars.githubusercontent.com/u/8728989?s=64&v=4 → 200 (38ms, 1375B)
[2026-07-17T13:20:42.833Z] GET https://avatars.githubusercontent.com/u/12083597?s=64&v=4 → 200 (38ms, 1869B)
[2026-07-17T13:20:42.833Z] GET https://avatars.githubusercontent.com/u/81847?s=64&v=4 → 200 (38ms, 3301B)
[2026-07-17T13:20:42.833Z] GET https://avatars.githubusercontent.com/in/15368?s=64&v=4 → 200 (39ms, 136B)
[2026-07-17T13:20:42.833Z] GET https://avatars.githubusercontent.com/u/84570125?s=64&v=4 → 200 (40ms, 1617B)
[2026-07-17T13:20:42.833Z] GET https://avatars.githubusercontent.com/u/113324483?s=64&v=4 → 200 (39ms, 1956B)
[2026-07-17T13:20:42.833Z] GET https://avatars.githubusercontent.com/u/202334629?s=64&v=4 → 200 (39ms, 1925B)
[2026-07-17T13:20:42.833Z] GET https://avatars.githubusercontent.com/in/29110?s=64&v=4 → 200 (39ms, 137B)
[2026-07-17T13:20:42.833Z] GET https://avatars.githubusercontent.com/u/184543231?s=64&v=4 → 200 (39ms, 2097B)
[2026-07-17T13:20:42.833Z] GET https://avatars.githubusercontent.com/u/19733683?s=64&v=4 → 200 (39ms, 3563B)
[2026-07-17T13:20:42.833Z] GET https://avatars.githubusercontent.com/u/101565784?s=64&v=4 → 200 (39ms, 8419B)
[2026-07-17T13:20:42.833Z] GET https://avatars.githubusercontent.com/u/188557779?s=64&v=4 → 200 (39ms, 1764B)
[2026-07-17T13:20:42.833Z] GET https://avatars.githubusercontent.com/u/50516767?s=64&v=4 → 200 (39ms, 1714B)
[2026-07-17T13:20:42.833Z] GET https://avatars.githubusercontent.com/u/193621819?s=64&v=4 → 200 (39ms, 1945B)
[2026-07-17T13:20:42.880Z] POST https://collector.github.com/github/collect → pending (?ms, ?B)
[2026-07-17T13:20:42.886Z] POST https://collector.github.com/github/collect → pending (?ms, ?B)
[2026-07-17T13:20:42.887Z] POST https://collector.github.com/github/collect → pending (?ms, ?B)
[2026-07-17T13:20:42.920Z] POST https://collector.github.com/github/collect → pending (?ms, ?B)
[2026-07-17T13:20:42.923Z] POST https://collector.github.com/github/collect → pending (?ms, ?B)
[2026-07-17T13:20:42.924Z] GET https://github.githubassets.com/assets/86851.13724ca26edcdd36.module.css → 200 (?ms, -772B)
[2026-07-17T13:20:42.924Z] GET https://github.githubassets.com/assets/chunk-86851-e48016ebfac4c5b7.js → 200 (?ms, -786B)
[2026-07-17T13:20:42.924Z] POST https://collector.github.com/github/collect → pending (?ms, ?B)
[2026-07-17T13:20:42.925Z] POST https://api.github.com/_private/browser/stats → 200 (153ms, -17B)
[2026-07-17T13:20:42.925Z] POST https://collector.github.com/github/collect → 503 (61ms, 284B)
[2026-07-17T13:20:47.887Z] POST https://collector.github.com/github/collect → pending (?ms, ?B)
